YN00     seqs.phylip

ns =  16	ls = 240

Codon position x base (3x4) table for each sequence.

xm-a-104_02664      
position  1:    T:0.13750    C:0.23750    A:0.23333    G:0.39167
position  2:    T:0.22083    C:0.22500    A:0.37500    G:0.17917
position  3:    T:0.20000    C:0.35417    A:0.10833    G:0.33750

xm-a-134_00129      
position  1:    T:0.13750    C:0.23750    A:0.23333    G:0.39167
position  2:    T:0.22083    C:0.22500    A:0.37500    G:0.17917
position  3:    T:0.20000    C:0.35417    A:0.10833    G:0.33750

xm-a-151_00608      
position  1:    T:0.13750    C:0.23750    A:0.23333    G:0.39167
position  2:    T:0.22083    C:0.22500    A:0.37500    G:0.17917
position  3:    T:0.20000    C:0.35417    A:0.10833    G:0.33750

xm-d-517_02077      
position  1:    T:0.13750    C:0.23750    A:0.23333    G:0.39167
position  2:    T:0.22083    C:0.22500    A:0.37500    G:0.17917
position  3:    T:0.20000    C:0.35417    A:0.10833    G:0.33750

xm-g-7_00622        
position  1:    T:0.13750    C:0.23750    A:0.23333    G:0.39167
position  2:    T:0.22083    C:0.22500    A:0.37500    G:0.17917
position  3:    T:0.20000    C:0.35417    A:0.10833    G:0.33750

xm-m-309_01641      
position  1:    T:0.13750    C:0.23750    A:0.23333    G:0.39167
position  2:    T:0.22083    C:0.22500    A:0.37500    G:0.17917
position  3:    T:0.20000    C:0.35417    A:0.10833    G:0.33750

xm-m-314_01567      
position  1:    T:0.13750    C:0.23750    A:0.23333    G:0.39167
position  2:    T:0.22083    C:0.22500    A:0.37500    G:0.17917
position  3:    T:0.20000    C:0.35417    A:0.10833    G:0.33750

xm-m-339-2_00608    
position  1:    T:0.13750    C:0.23750    A:0.23333    G:0.39167
position  2:    T:0.22083    C:0.22500    A:0.37500    G:0.17917
position  3:    T:0.20000    C:0.35417    A:0.10833    G:0.33750

xm-m-354_01640      
position  1:    T:0.13750    C:0.23750    A:0.23333    G:0.39167
position  2:    T:0.22083    C:0.22500    A:0.37500    G:0.17917
position  3:    T:0.20000    C:0.35417    A:0.10833    G:0.33750

xm-m-378_00129      
position  1:    T:0.13750    C:0.23750    A:0.23333    G:0.39167
position  2:    T:0.22083    C:0.22500    A:0.37500    G:0.17917
position  3:    T:0.20000    C:0.35417    A:0.10833    G:0.33750

xm-m-379_02664      
position  1:    T:0.13750    C:0.23750    A:0.23333    G:0.39167
position  2:    T:0.22083    C:0.22500    A:0.37500    G:0.17917
position  3:    T:0.20000    C:0.35417    A:0.10833    G:0.33750

xm-v-201_01639      
position  1:    T:0.13750    C:0.23750    A:0.23333    G:0.39167
position  2:    T:0.22083    C:0.22500    A:0.37500    G:0.17917
position  3:    T:0.20000    C:0.35417    A:0.10833    G:0.33750

xm-v-204_02665      
position  1:    T:0.13750    C:0.23750    A:0.23333    G:0.39167
position  2:    T:0.22083    C:0.22500    A:0.37500    G:0.17917
position  3:    T:0.20000    C:0.35417    A:0.10833    G:0.33750

xm-v-208_01681      
position  1:    T:0.13750    C:0.23750    A:0.23333    G:0.39167
position  2:    T:0.22083    C:0.22500    A:0.37500    G:0.17917
position  3:    T:0.20000    C:0.35417    A:0.10833    G:0.33750

xm-v-209_01567      
position  1:    T:0.13750    C:0.23750    A:0.23333    G:0.39167
position  2:    T:0.22083    C:0.22500    A:0.37500    G:0.17917
position  3:    T:0.20000    C:0.35417    A:0.10833    G:0.33750

xm-v-225_00129      
position  1:    T:0.13750    C:0.23750    A:0.23333    G:0.39167
position  2:    T:0.22083    C:0.22500    A:0.37500    G:0.17917
position  3:    T:0.20000    C:0.35417    A:0.10833    G:0.33750

Average
position  1:    T:0.13750    C:0.23750    A:0.23333    G:0.39167
position  2:    T:0.22083    C:0.22500    A:0.37500    G:0.17917
position  3:    T:0.20000    C:0.35417    A:0.10833    G:0.33750

Codon usage for each species
--------------------------------------------------------------------------------------------------------------------------------------
Phe TTT   2   2   2   2   2   2 | Ser TCT   0   0   0   0   0   0 | Tyr TAT   5   5   5   5   5   5 | Cys TGT   3   3   3   3   3   3
    TTC   3   3   3   3   3   3 |     TCC   0   0   0   0   0   0 |     TAC   6   6   6   6   6   6 |     TGC   1   1   1   1   1   1
Leu TTA   0   0   0   0   0   0 |     TCA   0   0   0   0   0   0 | *** TAA   0   0   0   0   0   0 | *** TGA   0   0   0   0   0   0
    TTG   1   1   1   1   1   1 |     TCG   6   6   6   6   6   6 |     TAG   0   0   0   0   0   0 | Trp TGG   6   6   6   6   6   6
--------------------------------------------------------------------------------------------------------------------------------------
Leu CTT   4   4   4   4   4   4 | Pro CCT   2   2   2   2   2   2 | His CAT   0   0   0   0   0   0 | Arg CGT   4   4   4   4   4   4
    CTC   1   1   1   1   1   1 |     CCC   1   1   1   1   1   1 |     CAC   6   6   6   6   6   6 |     CGC   4   4   4   4   4   4
    CTA   0   0   0   0   0   0 |     CCA   0   0   0   0   0   0 | Gln CAA   0   0   0   0   0   0 |     CGA   0   0   0   0   0   0
    CTG  11  11  11  11  11  11 |     CCG  13  13  13  13  13  13 |     CAG  11  11  11  11  11  11 |     CGG   0   0   0   0   0   0
--------------------------------------------------------------------------------------------------------------------------------------
Ile ATT   5   5   5   5   5   5 | Thr ACT   0   0   0   0   0   0 | Asn AAT   2   2   2   2   2   2 | Ser AGT   0   0   0   0   0   0
    ATC   6   6   6   6   6   6 |     ACC   5   5   5   5   5   5 |     AAC  14  14  14  14  14  14 |     AGC   2   2   2   2   2   2
    ATA   0   0   0   0   0   0 |     ACA   1   1   1   1   1   1 | Lys AAA   7   7   7   7   7   7 | Arg AGA   0   0   0   0   0   0
Met ATG   7   7   7   7   7   7 |     ACG   2   2   2   2   2   2 |     AAG   5   5   5   5   5   5 |     AGG   0   0   0   0   0   0
--------------------------------------------------------------------------------------------------------------------------------------
Val GTT   3   3   3   3   3   3 | Ala GCT   2   2   2   2   2   2 | Asp GAT   8   8   8   8   8   8 | Gly GGT   8   8   8   8   8   8
    GTC   3   3   3   3   3   3 |     GCC  12  12  12  12  12  12 |     GAC  10  10  10  10  10  10 |     GGC  11  11  11  11  11  11
    GTA   0   0   0   0   0   0 |     GCA   6   6   6   6   6   6 | Glu GAA  11  11  11  11  11  11 |     GGA   1   1   1   1   1   1
    GTG   7   7   7   7   7   7 |     GCG   4   4   4   4   4   4 |     GAG   5   5   5   5   5   5 |     GGG   3   3   3   3   3   3
--------------------------------------------------------------------------------------------------------------------------------------

--------------------------------------------------------------------------------------------------------------------------------------
Phe TTT   2   2   2   2   2   2 | Ser TCT   0   0   0   0   0   0 | Tyr TAT   5   5   5   5   5   5 | Cys TGT   3   3   3   3   3   3
    TTC   3   3   3   3   3   3 |     TCC   0   0   0   0   0   0 |     TAC   6   6   6   6   6   6 |     TGC   1   1   1   1   1   1
Leu TTA   0   0   0   0   0   0 |     TCA   0   0   0   0   0   0 | *** TAA   0   0   0   0   0   0 | *** TGA   0   0   0   0   0   0
    TTG   1   1   1   1   1   1 |     TCG   6   6   6   6   6   6 |     TAG   0   0   0   0   0   0 | Trp TGG   6   6   6   6   6   6
--------------------------------------------------------------------------------------------------------------------------------------
Leu CTT   4   4   4   4   4   4 | Pro CCT   2   2   2   2   2   2 | His CAT   0   0   0   0   0   0 | Arg CGT   4   4   4   4   4   4
    CTC   1   1   1   1   1   1 |     CCC   1   1   1   1   1   1 |     CAC   6   6   6   6   6   6 |     CGC   4   4   4   4   4   4
    CTA   0   0   0   0   0   0 |     CCA   0   0   0   0   0   0 | Gln CAA   0   0   0   0   0   0 |     CGA   0   0   0   0   0   0
    CTG  11  11  11  11  11  11 |     CCG  13  13  13  13  13  13 |     CAG  11  11  11  11  11  11 |     CGG   0   0   0   0   0   0
--------------------------------------------------------------------------------------------------------------------------------------
Ile ATT   5   5   5   5   5   5 | Thr ACT   0   0   0   0   0   0 | Asn AAT   2   2   2   2   2   2 | Ser AGT   0   0   0   0   0   0
    ATC   6   6   6   6   6   6 |     ACC   5   5   5   5   5   5 |     AAC  14  14  14  14  14  14 |     AGC   2   2   2   2   2   2
    ATA   0   0   0   0   0   0 |     ACA   1   1   1   1   1   1 | Lys AAA   7   7   7   7   7   7 | Arg AGA   0   0   0   0   0   0
Met ATG   7   7   7   7   7   7 |     ACG   2   2   2   2   2   2 |     AAG   5   5   5   5   5   5 |     AGG   0   0   0   0   0   0
--------------------------------------------------------------------------------------------------------------------------------------
Val GTT   3   3   3   3   3   3 | Ala GCT   2   2   2   2   2   2 | Asp GAT   8   8   8   8   8   8 | Gly GGT   8   8   8   8   8   8
    GTC   3   3   3   3   3   3 |     GCC  12  12  12  12  12  12 |     GAC  10  10  10  10  10  10 |     GGC  11  11  11  11  11  11
    GTA   0   0   0   0   0   0 |     GCA   6   6   6   6   6   6 | Glu GAA  11  11  11  11  11  11 |     GGA   1   1   1   1   1   1
    GTG   7   7   7   7   7   7 |     GCG   4   4   4   4   4   4 |     GAG   5   5   5   5   5   5 |     GGG   3   3   3   3   3   3
--------------------------------------------------------------------------------------------------------------------------------------

------------------------------------------------------------------------------------------------------
Phe TTT   2   2   2   2 | Ser TCT   0   0   0   0 | Tyr TAT   5   5   5   5 | Cys TGT   3   3   3   3
    TTC   3   3   3   3 |     TCC   0   0   0   0 |     TAC   6   6   6   6 |     TGC   1   1   1   1
Leu TTA   0   0   0   0 |     TCA   0   0   0   0 | *** TAA   0   0   0   0 | *** TGA   0   0   0   0
    TTG   1   1   1   1 |     TCG   6   6   6   6 |     TAG   0   0   0   0 | Trp TGG   6   6   6   6
------------------------------------------------------------------------------------------------------
Leu CTT   4   4   4   4 | Pro CCT   2   2   2   2 | His CAT   0   0   0   0 | Arg CGT   4   4   4   4
    CTC   1   1   1   1 |     CCC   1   1   1   1 |     CAC   6   6   6   6 |     CGC   4   4   4   4
    CTA   0   0   0   0 |     CCA   0   0   0   0 | Gln CAA   0   0   0   0 |     CGA   0   0   0   0
    CTG  11  11  11  11 |     CCG  13  13  13  13 |     CAG  11  11  11  11 |     CGG   0   0   0   0
------------------------------------------------------------------------------------------------------
Ile ATT   5   5   5   5 | Thr ACT   0   0   0   0 | Asn AAT   2   2   2   2 | Ser AGT   0   0   0   0
    ATC   6   6   6   6 |     ACC   5   5   5   5 |     AAC  14  14  14  14 |     AGC   2   2   2   2
    ATA   0   0   0   0 |     ACA   1   1   1   1 | Lys AAA   7   7   7   7 | Arg AGA   0   0   0   0
Met ATG   7   7   7   7 |     ACG   2   2   2   2 |     AAG   5   5   5   5 |     AGG   0   0   0   0
------------------------------------------------------------------------------------------------------
Val GTT   3   3   3   3 | Ala GCT   2   2   2   2 | Asp GAT   8   8   8   8 | Gly GGT   8   8   8   8
    GTC   3   3   3   3 |     GCC  12  12  12  12 |     GAC  10  10  10  10 |     GGC  11  11  11  11
    GTA   0   0   0   0 |     GCA   6   6   6   6 | Glu GAA  11  11  11  11 |     GGA   1   1   1   1
    GTG   7   7   7   7 |     GCG   4   4   4   4 |     GAG   5   5   5   5 |     GGG   3   3   3   3
------------------------------------------------------------------------------------------------------


Sums
------------------------------------------------------
Phe TTT  32 | Ser TCT   0 | Tyr TAT  80 | Cys TGT  48
    TTC  48 |     TCC   0 |     TAC  96 |     TGC  16
Leu TTA   0 |     TCA   0 | *** TAA   0 | *** TGA   0
    TTG  16 |     TCG  96 |     TAG   0 | Trp TGG  96
------------------------------------------------------
Leu CTT  64 | Pro CCT  32 | His CAT   0 | Arg CGT  64
    CTC  16 |     CCC  16 |     CAC  96 |     CGC  64
    CTA   0 |     CCA   0 | Gln CAA   0 |     CGA   0
    CTG 176 |     CCG 208 |     CAG 176 |     CGG   0
------------------------------------------------------
Ile ATT  80 | Thr ACT   0 | Asn AAT  32 | Ser AGT   0
    ATC  96 |     ACC  80 |     AAC 224 |     AGC  32
    ATA   0 |     ACA  16 | Lys AAA 112 | Arg AGA   0
Met ATG 112 |     ACG  32 |     AAG  80 |     AGG   0
------------------------------------------------------
Val GTT  48 | Ala GCT  32 | Asp GAT 128 | Gly GGT 128
    GTC  48 |     GCC 192 |     GAC 160 |     GGC 176
    GTA   0 |     GCA  96 | Glu GAA 176 |     GGA  16
    GTG 112 |     GCG  64 |     GAG  80 |     GGG  48
------------------------------------------------------



(A) Nei-Gojobori (1986) method



Nei & Gojobori 1986. dN/dS (dN, dS)
(Note: This matrix is not used in later ML. analysis.
Use runmode = -2 for ML pairwise comparison.)

xm-a-104_02664      
xm-a-134_00129      -1.0000 (0.0000 0.0000)
xm-a-151_00608      -1.0000 (0.0000 0.0000)-1.0000 (0.0000 0.0000)
xm-d-517_02077      -1.0000 (0.0000 0.0000)-1.0000 (0.0000 0.0000)-1.0000 (0.0000 0.0000)
xm-g-7_00622        -1.0000 (0.0000 0.0000)-1.0000 (0.0000 0.0000)-1.0000 (0.0000 0.0000)-1.0000 (0.0000 0.0000)
xm-m-309_01641      -1.0000 (0.0000 0.0000)-1.0000 (0.0000 0.0000)-1.0000 (0.0000 0.0000)-1.0000 (0.0000 0.0000)-1.0000 (0.0000 0.0000)
xm-m-314_01567      -1.0000 (0.0000 0.0000)-1.0000 (0.0000 0.0000)-1.0000 (0.0000 0.0000)-1.0000 (0.0000 0.0000)-1.0000 (0.0000 0.0000)-1.0000 (0.0000 0.0000)
xm-m-339-2_00608    -1.0000 (0.0000 0.0000)-1.0000 (0.0000 0.0000)-1.0000 (0.0000 0.0000)-1.0000 (0.0000 0.0000)-1.0000 (0.0000 0.0000)-1.0000 (0.0000 0.0000)-1.0000 (0.0000 0.0000)
xm-m-354_01640      -1.0000 (0.0000 0.0000)-1.0000 (0.0000 0.0000)-1.0000 (0.0000 0.0000)-1.0000 (0.0000 0.0000)-1.0000 (0.0000 0.0000)-1.0000 (0.0000 0.0000)-1.0000 (0.0000 0.0000)-1.0000 (0.0000 0.0000)
xm-m-378_00129      -1.0000 (0.0000 0.0000)-1.0000 (0.0000 0.0000)-1.0000 (0.0000 0.0000)-1.0000 (0.0000 0.0000)-1.0000 (0.0000 0.0000)-1.0000 (0.0000 0.0000)-1.0000 (0.0000 0.0000)-1.0000 (0.0000 0.0000)-1.0000 (0.0000 0.0000)
xm-m-379_02664      -1.0000 (0.0000 0.0000)-1.0000 (0.0000 0.0000)-1.0000 (0.0000 0.0000)-1.0000 (0.0000 0.0000)-1.0000 (0.0000 0.0000)-1.0000 (0.0000 0.0000)-1.0000 (0.0000 0.0000)-1.0000 (0.0000 0.0000)-1.0000 (0.0000 0.0000)-1.0000 (0.0000 0.0000)
xm-v-201_01639      -1.0000 (0.0000 0.0000)-1.0000 (0.0000 0.0000)-1.0000 (0.0000 0.0000)-1.0000 (0.0000 0.0000)-1.0000 (0.0000 0.0000)-1.0000 (0.0000 0.0000)-1.0000 (0.0000 0.0000)-1.0000 (0.0000 0.0000)-1.0000 (0.0000 0.0000)-1.0000 (0.0000 0.0000)-1.0000 (0.0000 0.0000)
xm-v-204_02665      -1.0000 (0.0000 0.0000)-1.0000 (0.0000 0.0000)-1.0000 (0.0000 0.0000)-1.0000 (0.0000 0.0000)-1.0000 (0.0000 0.0000)-1.0000 (0.0000 0.0000)-1.0000 (0.0000 0.0000)-1.0000 (0.0000 0.0000)-1.0000 (0.0000 0.0000)-1.0000 (0.0000 0.0000)-1.0000 (0.0000 0.0000)-1.0000 (0.0000 0.0000)
xm-v-208_01681      -1.0000 (0.0000 0.0000)-1.0000 (0.0000 0.0000)-1.0000 (0.0000 0.0000)-1.0000 (0.0000 0.0000)-1.0000 (0.0000 0.0000)-1.0000 (0.0000 0.0000)-1.0000 (0.0000 0.0000)-1.0000 (0.0000 0.0000)-1.0000 (0.0000 0.0000)-1.0000 (0.0000 0.0000)-1.0000 (0.0000 0.0000)-1.0000 (0.0000 0.0000)-1.0000 (0.0000 0.0000)
xm-v-209_01567      -1.0000 (0.0000 0.0000)-1.0000 (0.0000 0.0000)-1.0000 (0.0000 0.0000)-1.0000 (0.0000 0.0000)-1.0000 (0.0000 0.0000)-1.0000 (0.0000 0.0000)-1.0000 (0.0000 0.0000)-1.0000 (0.0000 0.0000)-1.0000 (0.0000 0.0000)-1.0000 (0.0000 0.0000)-1.0000 (0.0000 0.0000)-1.0000 (0.0000 0.0000)-1.0000 (0.0000 0.0000)-1.0000 (0.0000 0.0000)
xm-v-225_00129      -1.0000 (0.0000 0.0000)-1.0000 (0.0000 0.0000)-1.0000 (0.0000 0.0000)-1.0000 (0.0000 0.0000)-1.0000 (0.0000 0.0000)-1.0000 (0.0000 0.0000)-1.0000 (0.0000 0.0000)-1.0000 (0.0000 0.0000)-1.0000 (0.0000 0.0000)-1.0000 (0.0000 0.0000)-1.0000 (0.0000 0.0000)-1.0000 (0.0000 0.0000)-1.0000 (0.0000 0.0000)-1.0000 (0.0000 0.0000)-1.0000 (0.0000 0.0000)


(B) Yang & Nielsen (2000) method

Yang Z, Nielsen R (2000) Estimating synonymous and nonsynonymous substitution rates under realistic evolutionary models. Mol. Biol. Evol. 17:32-43

(equal weighting of pathways)

seq. seq.     S       N        t   kappa   omega     dN +- SE    dS +- SE

   2    1   190.5   529.5  -0.0000  4.6000 99.0000 -0.0000 +- 0.0000 -0.0000 +- 0.0000
   3    1   190.5   529.5  -0.0000  4.6000 99.0000 -0.0000 +- 0.0000 -0.0000 +- 0.0000
   3    2   190.5   529.5  -0.0000  4.6000 99.0000 -0.0000 +- 0.0000 -0.0000 +- 0.0000
   4    1   190.5   529.5  -0.0000  4.6000 99.0000 -0.0000 +- 0.0000 -0.0000 +- 0.0000
   4    2   190.5   529.5  -0.0000  4.6000 99.0000 -0.0000 +- 0.0000 -0.0000 +- 0.0000
   4    3   190.5   529.5  -0.0000  4.6000 99.0000 -0.0000 +- 0.0000 -0.0000 +- 0.0000
   5    1   190.5   529.5  -0.0000  4.6000 99.0000 -0.0000 +- 0.0000 -0.0000 +- 0.0000
   5    2   190.5   529.5  -0.0000  4.6000 99.0000 -0.0000 +- 0.0000 -0.0000 +- 0.0000
   5    3   190.5   529.5  -0.0000  4.6000 99.0000 -0.0000 +- 0.0000 -0.0000 +- 0.0000
   5    4   190.5   529.5  -0.0000  4.6000 99.0000 -0.0000 +- 0.0000 -0.0000 +- 0.0000
   6    1   190.5   529.5  -0.0000  4.6000 99.0000 -0.0000 +- 0.0000 -0.0000 +- 0.0000
   6    2   190.5   529.5  -0.0000  4.6000 99.0000 -0.0000 +- 0.0000 -0.0000 +- 0.0000
   6    3   190.5   529.5  -0.0000  4.6000 99.0000 -0.0000 +- 0.0000 -0.0000 +- 0.0000
   6    4   190.5   529.5  -0.0000  4.6000 99.0000 -0.0000 +- 0.0000 -0.0000 +- 0.0000
   6    5   190.5   529.5  -0.0000  4.6000 99.0000 -0.0000 +- 0.0000 -0.0000 +- 0.0000
   7    1   190.5   529.5  -0.0000  4.6000 99.0000 -0.0000 +- 0.0000 -0.0000 +- 0.0000
   7    2   190.5   529.5  -0.0000  4.6000 99.0000 -0.0000 +- 0.0000 -0.0000 +- 0.0000
   7    3   190.5   529.5  -0.0000  4.6000 99.0000 -0.0000 +- 0.0000 -0.0000 +- 0.0000
   7    4   190.5   529.5  -0.0000  4.6000 99.0000 -0.0000 +- 0.0000 -0.0000 +- 0.0000
   7    5   190.5   529.5  -0.0000  4.6000 99.0000 -0.0000 +- 0.0000 -0.0000 +- 0.0000
   7    6   190.5   529.5  -0.0000  4.6000 99.0000 -0.0000 +- 0.0000 -0.0000 +- 0.0000
   8    1   190.5   529.5  -0.0000  4.6000 99.0000 -0.0000 +- 0.0000 -0.0000 +- 0.0000
   8    2   190.5   529.5  -0.0000  4.6000 99.0000 -0.0000 +- 0.0000 -0.0000 +- 0.0000
   8    3   190.5   529.5  -0.0000  4.6000 99.0000 -0.0000 +- 0.0000 -0.0000 +- 0.0000
   8    4   190.5   529.5  -0.0000  4.6000 99.0000 -0.0000 +- 0.0000 -0.0000 +- 0.0000
   8    5   190.5   529.5  -0.0000  4.6000 99.0000 -0.0000 +- 0.0000 -0.0000 +- 0.0000
   8    6   190.5   529.5  -0.0000  4.6000 99.0000 -0.0000 +- 0.0000 -0.0000 +- 0.0000
   8    7   190.5   529.5  -0.0000  4.6000 99.0000 -0.0000 +- 0.0000 -0.0000 +- 0.0000
   9    1   190.5   529.5  -0.0000  4.6000 99.0000 -0.0000 +- 0.0000 -0.0000 +- 0.0000
   9    2   190.5   529.5  -0.0000  4.6000 99.0000 -0.0000 +- 0.0000 -0.0000 +- 0.0000
   9    3   190.5   529.5  -0.0000  4.6000 99.0000 -0.0000 +- 0.0000 -0.0000 +- 0.0000
   9    4   190.5   529.5  -0.0000  4.6000 99.0000 -0.0000 +- 0.0000 -0.0000 +- 0.0000
   9    5   190.5   529.5  -0.0000  4.6000 99.0000 -0.0000 +- 0.0000 -0.0000 +- 0.0000
   9    6   190.5   529.5  -0.0000  4.6000 99.0000 -0.0000 +- 0.0000 -0.0000 +- 0.0000
   9    7   190.5   529.5  -0.0000  4.6000 99.0000 -0.0000 +- 0.0000 -0.0000 +- 0.0000
   9    8   190.5   529.5  -0.0000  4.6000 99.0000 -0.0000 +- 0.0000 -0.0000 +- 0.0000
  10    1   190.5   529.5  -0.0000  4.6000 99.0000 -0.0000 +- 0.0000 -0.0000 +- 0.0000
  10    2   190.5   529.5  -0.0000  4.6000 99.0000 -0.0000 +- 0.0000 -0.0000 +- 0.0000
  10    3   190.5   529.5  -0.0000  4.6000 99.0000 -0.0000 +- 0.0000 -0.0000 +- 0.0000
  10    4   190.5   529.5  -0.0000  4.6000 99.0000 -0.0000 +- 0.0000 -0.0000 +- 0.0000
  10    5   190.5   529.5  -0.0000  4.6000 99.0000 -0.0000 +- 0.0000 -0.0000 +- 0.0000
  10    6   190.5   529.5  -0.0000  4.6000 99.0000 -0.0000 +- 0.0000 -0.0000 +- 0.0000
  10    7   190.5   529.5  -0.0000  4.6000 99.0000 -0.0000 +- 0.0000 -0.0000 +- 0.0000
  10    8   190.5   529.5  -0.0000  4.6000 99.0000 -0.0000 +- 0.0000 -0.0000 +- 0.0000
  10    9   190.5   529.5  -0.0000  4.6000 99.0000 -0.0000 +- 0.0000 -0.0000 +- 0.0000
  11    1   190.5   529.5  -0.0000  4.6000 99.0000 -0.0000 +- 0.0000 -0.0000 +- 0.0000
  11    2   190.5   529.5  -0.0000  4.6000 99.0000 -0.0000 +- 0.0000 -0.0000 +- 0.0000
  11    3   190.5   529.5  -0.0000  4.6000 99.0000 -0.0000 +- 0.0000 -0.0000 +- 0.0000
  11    4   190.5   529.5  -0.0000  4.6000 99.0000 -0.0000 +- 0.0000 -0.0000 +- 0.0000
  11    5   190.5   529.5  -0.0000  4.6000 99.0000 -0.0000 +- 0.0000 -0.0000 +- 0.0000
  11    6   190.5   529.5  -0.0000  4.6000 99.0000 -0.0000 +- 0.0000 -0.0000 +- 0.0000
  11    7   190.5   529.5  -0.0000  4.6000 99.0000 -0.0000 +- 0.0000 -0.0000 +- 0.0000
  11    8   190.5   529.5  -0.0000  4.6000 99.0000 -0.0000 +- 0.0000 -0.0000 +- 0.0000
  11    9   190.5   529.5  -0.0000  4.6000 99.0000 -0.0000 +- 0.0000 -0.0000 +- 0.0000
  11   10   190.5   529.5  -0.0000  4.6000 99.0000 -0.0000 +- 0.0000 -0.0000 +- 0.0000
  12    1   190.5   529.5  -0.0000  4.6000 99.0000 -0.0000 +- 0.0000 -0.0000 +- 0.0000
  12    2   190.5   529.5  -0.0000  4.6000 99.0000 -0.0000 +- 0.0000 -0.0000 +- 0.0000
  12    3   190.5   529.5  -0.0000  4.6000 99.0000 -0.0000 +- 0.0000 -0.0000 +- 0.0000
  12    4   190.5   529.5  -0.0000  4.6000 99.0000 -0.0000 +- 0.0000 -0.0000 +- 0.0000
  12    5   190.5   529.5  -0.0000  4.6000 99.0000 -0.0000 +- 0.0000 -0.0000 +- 0.0000
  12    6   190.5   529.5  -0.0000  4.6000 99.0000 -0.0000 +- 0.0000 -0.0000 +- 0.0000
  12    7   190.5   529.5  -0.0000  4.6000 99.0000 -0.0000 +- 0.0000 -0.0000 +- 0.0000
  12    8   190.5   529.5  -0.0000  4.6000 99.0000 -0.0000 +- 0.0000 -0.0000 +- 0.0000
  12    9   190.5   529.5  -0.0000  4.6000 99.0000 -0.0000 +- 0.0000 -0.0000 +- 0.0000
  12   10   190.5   529.5  -0.0000  4.6000 99.0000 -0.0000 +- 0.0000 -0.0000 +- 0.0000
  12   11   190.5   529.5  -0.0000  4.6000 99.0000 -0.0000 +- 0.0000 -0.0000 +- 0.0000
  13    1   190.5   529.5  -0.0000  4.6000 99.0000 -0.0000 +- 0.0000 -0.0000 +- 0.0000
  13    2   190.5   529.5  -0.0000  4.6000 99.0000 -0.0000 +- 0.0000 -0.0000 +- 0.0000
  13    3   190.5   529.5  -0.0000  4.6000 99.0000 -0.0000 +- 0.0000 -0.0000 +- 0.0000
  13    4   190.5   529.5  -0.0000  4.6000 99.0000 -0.0000 +- 0.0000 -0.0000 +- 0.0000
  13    5   190.5   529.5  -0.0000  4.6000 99.0000 -0.0000 +- 0.0000 -0.0000 +- 0.0000
  13    6   190.5   529.5  -0.0000  4.6000 99.0000 -0.0000 +- 0.0000 -0.0000 +- 0.0000
  13    7   190.5   529.5  -0.0000  4.6000 99.0000 -0.0000 +- 0.0000 -0.0000 +- 0.0000
  13    8   190.5   529.5  -0.0000  4.6000 99.0000 -0.0000 +- 0.0000 -0.0000 +- 0.0000
  13    9   190.5   529.5  -0.0000  4.6000 99.0000 -0.0000 +- 0.0000 -0.0000 +- 0.0000
  13   10   190.5   529.5  -0.0000  4.6000 99.0000 -0.0000 +- 0.0000 -0.0000 +- 0.0000
  13   11   190.5   529.5  -0.0000  4.6000 99.0000 -0.0000 +- 0.0000 -0.0000 +- 0.0000
  13   12   190.5   529.5  -0.0000  4.6000 99.0000 -0.0000 +- 0.0000 -0.0000 +- 0.0000
  14    1   190.5   529.5  -0.0000  4.6000 99.0000 -0.0000 +- 0.0000 -0.0000 +- 0.0000
  14    2   190.5   529.5  -0.0000  4.6000 99.0000 -0.0000 +- 0.0000 -0.0000 +- 0.0000
  14    3   190.5   529.5  -0.0000  4.6000 99.0000 -0.0000 +- 0.0000 -0.0000 +- 0.0000
  14    4   190.5   529.5  -0.0000  4.6000 99.0000 -0.0000 +- 0.0000 -0.0000 +- 0.0000
  14    5   190.5   529.5  -0.0000  4.6000 99.0000 -0.0000 +- 0.0000 -0.0000 +- 0.0000
  14    6   190.5   529.5  -0.0000  4.6000 99.0000 -0.0000 +- 0.0000 -0.0000 +- 0.0000
  14    7   190.5   529.5  -0.0000  4.6000 99.0000 -0.0000 +- 0.0000 -0.0000 +- 0.0000
  14    8   190.5   529.5  -0.0000  4.6000 99.0000 -0.0000 +- 0.0000 -0.0000 +- 0.0000
  14    9   190.5   529.5  -0.0000  4.6000 99.0000 -0.0000 +- 0.0000 -0.0000 +- 0.0000
  14   10   190.5   529.5  -0.0000  4.6000 99.0000 -0.0000 +- 0.0000 -0.0000 +- 0.0000
  14   11   190.5   529.5  -0.0000  4.6000 99.0000 -0.0000 +- 0.0000 -0.0000 +- 0.0000
  14   12   190.5   529.5  -0.0000  4.6000 99.0000 -0.0000 +- 0.0000 -0.0000 +- 0.0000
  14   13   190.5   529.5  -0.0000  4.6000 99.0000 -0.0000 +- 0.0000 -0.0000 +- 0.0000
  15    1   190.5   529.5  -0.0000  4.6000 99.0000 -0.0000 +- 0.0000 -0.0000 +- 0.0000
  15    2   190.5   529.5  -0.0000  4.6000 99.0000 -0.0000 +- 0.0000 -0.0000 +- 0.0000
  15    3   190.5   529.5  -0.0000  4.6000 99.0000 -0.0000 +- 0.0000 -0.0000 +- 0.0000
  15    4   190.5   529.5  -0.0000  4.6000 99.0000 -0.0000 +- 0.0000 -0.0000 +- 0.0000
  15    5   190.5   529.5  -0.0000  4.6000 99.0000 -0.0000 +- 0.0000 -0.0000 +- 0.0000
  15    6   190.5   529.5  -0.0000  4.6000 99.0000 -0.0000 +- 0.0000 -0.0000 +- 0.0000
  15    7   190.5   529.5  -0.0000  4.6000 99.0000 -0.0000 +- 0.0000 -0.0000 +- 0.0000
  15    8   190.5   529.5  -0.0000  4.6000 99.0000 -0.0000 +- 0.0000 -0.0000 +- 0.0000
  15    9   190.5   529.5  -0.0000  4.6000 99.0000 -0.0000 +- 0.0000 -0.0000 +- 0.0000
  15   10   190.5   529.5  -0.0000  4.6000 99.0000 -0.0000 +- 0.0000 -0.0000 +- 0.0000
  15   11   190.5   529.5  -0.0000  4.6000 99.0000 -0.0000 +- 0.0000 -0.0000 +- 0.0000
  15   12   190.5   529.5  -0.0000  4.6000 99.0000 -0.0000 +- 0.0000 -0.0000 +- 0.0000
  15   13   190.5   529.5  -0.0000  4.6000 99.0000 -0.0000 +- 0.0000 -0.0000 +- 0.0000
  15   14   190.5   529.5  -0.0000  4.6000 99.0000 -0.0000 +- 0.0000 -0.0000 +- 0.0000
  16    1   190.5   529.5  -0.0000  4.6000 99.0000 -0.0000 +- 0.0000 -0.0000 +- 0.0000
  16    2   190.5   529.5  -0.0000  4.6000 99.0000 -0.0000 +- 0.0000 -0.0000 +- 0.0000
  16    3   190.5   529.5  -0.0000  4.6000 99.0000 -0.0000 +- 0.0000 -0.0000 +- 0.0000
  16    4   190.5   529.5  -0.0000  4.6000 99.0000 -0.0000 +- 0.0000 -0.0000 +- 0.0000
  16    5   190.5   529.5  -0.0000  4.6000 99.0000 -0.0000 +- 0.0000 -0.0000 +- 0.0000
  16    6   190.5   529.5  -0.0000  4.6000 99.0000 -0.0000 +- 0.0000 -0.0000 +- 0.0000
  16    7   190.5   529.5  -0.0000  4.6000 99.0000 -0.0000 +- 0.0000 -0.0000 +- 0.0000
  16    8   190.5   529.5  -0.0000  4.6000 99.0000 -0.0000 +- 0.0000 -0.0000 +- 0.0000
  16    9   190.5   529.5  -0.0000  4.6000 99.0000 -0.0000 +- 0.0000 -0.0000 +- 0.0000
  16   10   190.5   529.5  -0.0000  4.6000 99.0000 -0.0000 +- 0.0000 -0.0000 +- 0.0000
  16   11   190.5   529.5  -0.0000  4.6000 99.0000 -0.0000 +- 0.0000 -0.0000 +- 0.0000
  16   12   190.5   529.5  -0.0000  4.6000 99.0000 -0.0000 +- 0.0000 -0.0000 +- 0.0000
  16   13   190.5   529.5  -0.0000  4.6000 99.0000 -0.0000 +- 0.0000 -0.0000 +- 0.0000
  16   14   190.5   529.5  -0.0000  4.6000 99.0000 -0.0000 +- 0.0000 -0.0000 +- 0.0000
  16   15   190.5   529.5  -0.0000  4.6000 99.0000 -0.0000 +- 0.0000 -0.0000 +- 0.0000


(C) LWL85, LPB93 & LWLm methods

Li W.-H., C.-I. Wu, Luo (1985) A new method for estimating synonymous and nonsynonymous rates of nucleotide substitutions considering the relative likelihood of nucleotide and codon changes. Mol. Biol. Evol. 2: 150-174.
Li W-H (1993) Unbiased estimation of the rates of synonymous and nonsynonymous substitution. J. Mol. Evol. 36:96-99
Pamilo P, Bianchi NO (1993) Evolution of the Zfx and Zfy genes - rates and interdependence between the genes. Mol. Biol. Evol. 10:271-281
Yang Z (2006) Computational Molecular Evolution. Oxford University Press, Oxford. Eqs. 2.12 & 2.13

2 (xm-a-134_00129) vs. 1 (xm-a-104_02664)

L(i):      481.0     125.0     114.0  sum=    720.0
Ns(i):    0.0000    0.0000    0.0000  sum=   0.0000
Nv(i):    0.0000    0.0000    0.0000  sum=   0.0000
A(i):     0.0000    0.0000    0.0000
B(i):    -0.0000   -0.0000   -0.0000
LWL85:  dS =  0.0000 dN =  0.0000 w =   -nan S =  155.7 N =  564.3
LWL85m: dS =    -nan dN =    -nan w =   -nan S =   -nan N =   -nan (rho = -nan)
LPB93:  dS =  0.0000 dN =  0.0000 w =   -nan

3 (xm-a-151_00608) vs. 1 (xm-a-104_02664)

L(i):      481.0     125.0     114.0  sum=    720.0
Ns(i):    0.0000    0.0000    0.0000  sum=   0.0000
Nv(i):    0.0000    0.0000    0.0000  sum=   0.0000
A(i):     0.0000    0.0000    0.0000
B(i):    -0.0000   -0.0000   -0.0000
LWL85:  dS =  0.0000 dN =  0.0000 w =   -nan S =  155.7 N =  564.3
LWL85m: dS =    -nan dN =    -nan w =   -nan S =   -nan N =   -nan (rho = -nan)
LPB93:  dS =  0.0000 dN =  0.0000 w =   -nan

3 (xm-a-151_00608) vs. 2 (xm-a-134_00129)

L(i):      481.0     125.0     114.0  sum=    720.0
Ns(i):    0.0000    0.0000    0.0000  sum=   0.0000
Nv(i):    0.0000    0.0000    0.0000  sum=   0.0000
A(i):     0.0000    0.0000    0.0000
B(i):    -0.0000   -0.0000   -0.0000
LWL85:  dS =  0.0000 dN =  0.0000 w =   -nan S =  155.7 N =  564.3
LWL85m: dS =    -nan dN =    -nan w =   -nan S =   -nan N =   -nan (rho = -nan)
LPB93:  dS =  0.0000 dN =  0.0000 w =   -nan

4 (xm-d-517_02077) vs. 1 (xm-a-104_02664)

L(i):      481.0     125.0     114.0  sum=    720.0
Ns(i):    0.0000    0.0000    0.0000  sum=   0.0000
Nv(i):    0.0000    0.0000    0.0000  sum=   0.0000
A(i):     0.0000    0.0000    0.0000
B(i):    -0.0000   -0.0000   -0.0000
LWL85:  dS =  0.0000 dN =  0.0000 w =   -nan S =  155.7 N =  564.3
LWL85m: dS =    -nan dN =    -nan w =   -nan S =   -nan N =   -nan (rho = -nan)
LPB93:  dS =  0.0000 dN =  0.0000 w =   -nan

4 (xm-d-517_02077) vs. 2 (xm-a-134_00129)

L(i):      481.0     125.0     114.0  sum=    720.0
Ns(i):    0.0000    0.0000    0.0000  sum=   0.0000
Nv(i):    0.0000    0.0000    0.0000  sum=   0.0000
A(i):     0.0000    0.0000    0.0000
B(i):    -0.0000   -0.0000   -0.0000
LWL85:  dS =  0.0000 dN =  0.0000 w =   -nan S =  155.7 N =  564.3
LWL85m: dS =    -nan dN =    -nan w =   -nan S =   -nan N =   -nan (rho = -nan)
LPB93:  dS =  0.0000 dN =  0.0000 w =   -nan

4 (xm-d-517_02077) vs. 3 (xm-a-151_00608)

L(i):      481.0     125.0     114.0  sum=    720.0
Ns(i):    0.0000    0.0000    0.0000  sum=   0.0000
Nv(i):    0.0000    0.0000    0.0000  sum=   0.0000
A(i):     0.0000    0.0000    0.0000
B(i):    -0.0000   -0.0000   -0.0000
LWL85:  dS =  0.0000 dN =  0.0000 w =   -nan S =  155.7 N =  564.3
LWL85m: dS =    -nan dN =    -nan w =   -nan S =   -nan N =   -nan (rho = -nan)
LPB93:  dS =  0.0000 dN =  0.0000 w =   -nan

5 (xm-g-7_00622) vs. 1 (xm-a-104_02664)

L(i):      481.0     125.0     114.0  sum=    720.0
Ns(i):    0.0000    0.0000    0.0000  sum=   0.0000
Nv(i):    0.0000    0.0000    0.0000  sum=   0.0000
A(i):     0.0000    0.0000    0.0000
B(i):    -0.0000   -0.0000   -0.0000
LWL85:  dS =  0.0000 dN =  0.0000 w =   -nan S =  155.7 N =  564.3
LWL85m: dS =    -nan dN =    -nan w =   -nan S =   -nan N =   -nan (rho = -nan)
LPB93:  dS =  0.0000 dN =  0.0000 w =   -nan

5 (xm-g-7_00622) vs. 2 (xm-a-134_00129)

L(i):      481.0     125.0     114.0  sum=    720.0
Ns(i):    0.0000    0.0000    0.0000  sum=   0.0000
Nv(i):    0.0000    0.0000    0.0000  sum=   0.0000
A(i):     0.0000    0.0000    0.0000
B(i):    -0.0000   -0.0000   -0.0000
LWL85:  dS =  0.0000 dN =  0.0000 w =   -nan S =  155.7 N =  564.3
LWL85m: dS =    -nan dN =    -nan w =   -nan S =   -nan N =   -nan (rho = -nan)
LPB93:  dS =  0.0000 dN =  0.0000 w =   -nan

5 (xm-g-7_00622) vs. 3 (xm-a-151_00608)

L(i):      481.0     125.0     114.0  sum=    720.0
Ns(i):    0.0000    0.0000    0.0000  sum=   0.0000
Nv(i):    0.0000    0.0000    0.0000  sum=   0.0000
A(i):     0.0000    0.0000    0.0000
B(i):    -0.0000   -0.0000   -0.0000
LWL85:  dS =  0.0000 dN =  0.0000 w =   -nan S =  155.7 N =  564.3
LWL85m: dS =    -nan dN =    -nan w =   -nan S =   -nan N =   -nan (rho = -nan)
LPB93:  dS =  0.0000 dN =  0.0000 w =   -nan

5 (xm-g-7_00622) vs. 4 (xm-d-517_02077)

L(i):      481.0     125.0     114.0  sum=    720.0
Ns(i):    0.0000    0.0000    0.0000  sum=   0.0000
Nv(i):    0.0000    0.0000    0.0000  sum=   0.0000
A(i):     0.0000    0.0000    0.0000
B(i):    -0.0000   -0.0000   -0.0000
LWL85:  dS =  0.0000 dN =  0.0000 w =   -nan S =  155.7 N =  564.3
LWL85m: dS =    -nan dN =    -nan w =   -nan S =   -nan N =   -nan (rho = -nan)
LPB93:  dS =  0.0000 dN =  0.0000 w =   -nan

6 (xm-m-309_01641) vs. 1 (xm-a-104_02664)

L(i):      481.0     125.0     114.0  sum=    720.0
Ns(i):    0.0000    0.0000    0.0000  sum=   0.0000
Nv(i):    0.0000    0.0000    0.0000  sum=   0.0000
A(i):     0.0000    0.0000    0.0000
B(i):    -0.0000   -0.0000   -0.0000
LWL85:  dS =  0.0000 dN =  0.0000 w =   -nan S =  155.7 N =  564.3
LWL85m: dS =    -nan dN =    -nan w =   -nan S =   -nan N =   -nan (rho = -nan)
LPB93:  dS =  0.0000 dN =  0.0000 w =   -nan

6 (xm-m-309_01641) vs. 2 (xm-a-134_00129)

L(i):      481.0     125.0     114.0  sum=    720.0
Ns(i):    0.0000    0.0000    0.0000  sum=   0.0000
Nv(i):    0.0000    0.0000    0.0000  sum=   0.0000
A(i):     0.0000    0.0000    0.0000
B(i):    -0.0000   -0.0000   -0.0000
LWL85:  dS =  0.0000 dN =  0.0000 w =   -nan S =  155.7 N =  564.3
LWL85m: dS =    -nan dN =    -nan w =   -nan S =   -nan N =   -nan (rho = -nan)
LPB93:  dS =  0.0000 dN =  0.0000 w =   -nan

6 (xm-m-309_01641) vs. 3 (xm-a-151_00608)

L(i):      481.0     125.0     114.0  sum=    720.0
Ns(i):    0.0000    0.0000    0.0000  sum=   0.0000
Nv(i):    0.0000    0.0000    0.0000  sum=   0.0000
A(i):     0.0000    0.0000    0.0000
B(i):    -0.0000   -0.0000   -0.0000
LWL85:  dS =  0.0000 dN =  0.0000 w =   -nan S =  155.7 N =  564.3
LWL85m: dS =    -nan dN =    -nan w =   -nan S =   -nan N =   -nan (rho = -nan)
LPB93:  dS =  0.0000 dN =  0.0000 w =   -nan

6 (xm-m-309_01641) vs. 4 (xm-d-517_02077)

L(i):      481.0     125.0     114.0  sum=    720.0
Ns(i):    0.0000    0.0000    0.0000  sum=   0.0000
Nv(i):    0.0000    0.0000    0.0000  sum=   0.0000
A(i):     0.0000    0.0000    0.0000
B(i):    -0.0000   -0.0000   -0.0000
LWL85:  dS =  0.0000 dN =  0.0000 w =   -nan S =  155.7 N =  564.3
LWL85m: dS =    -nan dN =    -nan w =   -nan S =   -nan N =   -nan (rho = -nan)
LPB93:  dS =  0.0000 dN =  0.0000 w =   -nan

6 (xm-m-309_01641) vs. 5 (xm-g-7_00622)

L(i):      481.0     125.0     114.0  sum=    720.0
Ns(i):    0.0000    0.0000    0.0000  sum=   0.0000
Nv(i):    0.0000    0.0000    0.0000  sum=   0.0000
A(i):     0.0000    0.0000    0.0000
B(i):    -0.0000   -0.0000   -0.0000
LWL85:  dS =  0.0000 dN =  0.0000 w =   -nan S =  155.7 N =  564.3
LWL85m: dS =    -nan dN =    -nan w =   -nan S =   -nan N =   -nan (rho = -nan)
LPB93:  dS =  0.0000 dN =  0.0000 w =   -nan

7 (xm-m-314_01567) vs. 1 (xm-a-104_02664)

L(i):      481.0     125.0     114.0  sum=    720.0
Ns(i):    0.0000    0.0000    0.0000  sum=   0.0000
Nv(i):    0.0000    0.0000    0.0000  sum=   0.0000
A(i):     0.0000    0.0000    0.0000
B(i):    -0.0000   -0.0000   -0.0000
LWL85:  dS =  0.0000 dN =  0.0000 w =   -nan S =  155.7 N =  564.3
LWL85m: dS =    -nan dN =    -nan w =   -nan S =   -nan N =   -nan (rho = -nan)
LPB93:  dS =  0.0000 dN =  0.0000 w =   -nan

7 (xm-m-314_01567) vs. 2 (xm-a-134_00129)

L(i):      481.0     125.0     114.0  sum=    720.0
Ns(i):    0.0000    0.0000    0.0000  sum=   0.0000
Nv(i):    0.0000    0.0000    0.0000  sum=   0.0000
A(i):     0.0000    0.0000    0.0000
B(i):    -0.0000   -0.0000   -0.0000
LWL85:  dS =  0.0000 dN =  0.0000 w =   -nan S =  155.7 N =  564.3
LWL85m: dS =    -nan dN =    -nan w =   -nan S =   -nan N =   -nan (rho = -nan)
LPB93:  dS =  0.0000 dN =  0.0000 w =   -nan

7 (xm-m-314_01567) vs. 3 (xm-a-151_00608)

L(i):      481.0     125.0     114.0  sum=    720.0
Ns(i):    0.0000    0.0000    0.0000  sum=   0.0000
Nv(i):    0.0000    0.0000    0.0000  sum=   0.0000
A(i):     0.0000    0.0000    0.0000
B(i):    -0.0000   -0.0000   -0.0000
LWL85:  dS =  0.0000 dN =  0.0000 w =   -nan S =  155.7 N =  564.3
LWL85m: dS =    -nan dN =    -nan w =   -nan S =   -nan N =   -nan (rho = -nan)
LPB93:  dS =  0.0000 dN =  0.0000 w =   -nan

7 (xm-m-314_01567) vs. 4 (xm-d-517_02077)

L(i):      481.0     125.0     114.0  sum=    720.0
Ns(i):    0.0000    0.0000    0.0000  sum=   0.0000
Nv(i):    0.0000    0.0000    0.0000  sum=   0.0000
A(i):     0.0000    0.0000    0.0000
B(i):    -0.0000   -0.0000   -0.0000
LWL85:  dS =  0.0000 dN =  0.0000 w =   -nan S =  155.7 N =  564.3
LWL85m: dS =    -nan dN =    -nan w =   -nan S =   -nan N =   -nan (rho = -nan)
LPB93:  dS =  0.0000 dN =  0.0000 w =   -nan

7 (xm-m-314_01567) vs. 5 (xm-g-7_00622)

L(i):      481.0     125.0     114.0  sum=    720.0
Ns(i):    0.0000    0.0000    0.0000  sum=   0.0000
Nv(i):    0.0000    0.0000    0.0000  sum=   0.0000
A(i):     0.0000    0.0000    0.0000
B(i):    -0.0000   -0.0000   -0.0000
LWL85:  dS =  0.0000 dN =  0.0000 w =   -nan S =  155.7 N =  564.3
LWL85m: dS =    -nan dN =    -nan w =   -nan S =   -nan N =   -nan (rho = -nan)
LPB93:  dS =  0.0000 dN =  0.0000 w =   -nan

7 (xm-m-314_01567) vs. 6 (xm-m-309_01641)

L(i):      481.0     125.0     114.0  sum=    720.0
Ns(i):    0.0000    0.0000    0.0000  sum=   0.0000
Nv(i):    0.0000    0.0000    0.0000  sum=   0.0000
A(i):     0.0000    0.0000    0.0000
B(i):    -0.0000   -0.0000   -0.0000
LWL85:  dS =  0.0000 dN =  0.0000 w =   -nan S =  155.7 N =  564.3
LWL85m: dS =    -nan dN =    -nan w =   -nan S =   -nan N =   -nan (rho = -nan)
LPB93:  dS =  0.0000 dN =  0.0000 w =   -nan

8 (xm-m-339-2_00608) vs. 1 (xm-a-104_02664)

L(i):      481.0     125.0     114.0  sum=    720.0
Ns(i):    0.0000    0.0000    0.0000  sum=   0.0000
Nv(i):    0.0000    0.0000    0.0000  sum=   0.0000
A(i):     0.0000    0.0000    0.0000
B(i):    -0.0000   -0.0000   -0.0000
LWL85:  dS =  0.0000 dN =  0.0000 w =   -nan S =  155.7 N =  564.3
LWL85m: dS =    -nan dN =    -nan w =   -nan S =   -nan N =   -nan (rho = -nan)
LPB93:  dS =  0.0000 dN =  0.0000 w =   -nan

8 (xm-m-339-2_00608) vs. 2 (xm-a-134_00129)

L(i):      481.0     125.0     114.0  sum=    720.0
Ns(i):    0.0000    0.0000    0.0000  sum=   0.0000
Nv(i):    0.0000    0.0000    0.0000  sum=   0.0000
A(i):     0.0000    0.0000    0.0000
B(i):    -0.0000   -0.0000   -0.0000
LWL85:  dS =  0.0000 dN =  0.0000 w =   -nan S =  155.7 N =  564.3
LWL85m: dS =    -nan dN =    -nan w =   -nan S =   -nan N =   -nan (rho = -nan)
LPB93:  dS =  0.0000 dN =  0.0000 w =   -nan

8 (xm-m-339-2_00608) vs. 3 (xm-a-151_00608)

L(i):      481.0     125.0     114.0  sum=    720.0
Ns(i):    0.0000    0.0000    0.0000  sum=   0.0000
Nv(i):    0.0000    0.0000    0.0000  sum=   0.0000
A(i):     0.0000    0.0000    0.0000
B(i):    -0.0000   -0.0000   -0.0000
LWL85:  dS =  0.0000 dN =  0.0000 w =   -nan S =  155.7 N =  564.3
LWL85m: dS =    -nan dN =    -nan w =   -nan S =   -nan N =   -nan (rho = -nan)
LPB93:  dS =  0.0000 dN =  0.0000 w =   -nan

8 (xm-m-339-2_00608) vs. 4 (xm-d-517_02077)

L(i):      481.0     125.0     114.0  sum=    720.0
Ns(i):    0.0000    0.0000    0.0000  sum=   0.0000
Nv(i):    0.0000    0.0000    0.0000  sum=   0.0000
A(i):     0.0000    0.0000    0.0000
B(i):    -0.0000   -0.0000   -0.0000
LWL85:  dS =  0.0000 dN =  0.0000 w =   -nan S =  155.7 N =  564.3
LWL85m: dS =    -nan dN =    -nan w =   -nan S =   -nan N =   -nan (rho = -nan)
LPB93:  dS =  0.0000 dN =  0.0000 w =   -nan

8 (xm-m-339-2_00608) vs. 5 (xm-g-7_00622)

L(i):      481.0     125.0     114.0  sum=    720.0
Ns(i):    0.0000    0.0000    0.0000  sum=   0.0000
Nv(i):    0.0000    0.0000    0.0000  sum=   0.0000
A(i):     0.0000    0.0000    0.0000
B(i):    -0.0000   -0.0000   -0.0000
LWL85:  dS =  0.0000 dN =  0.0000 w =   -nan S =  155.7 N =  564.3
LWL85m: dS =    -nan dN =    -nan w =   -nan S =   -nan N =   -nan (rho = -nan)
LPB93:  dS =  0.0000 dN =  0.0000 w =   -nan

8 (xm-m-339-2_00608) vs. 6 (xm-m-309_01641)

L(i):      481.0     125.0     114.0  sum=    720.0
Ns(i):    0.0000    0.0000    0.0000  sum=   0.0000
Nv(i):    0.0000    0.0000    0.0000  sum=   0.0000
A(i):     0.0000    0.0000    0.0000
B(i):    -0.0000   -0.0000   -0.0000
LWL85:  dS =  0.0000 dN =  0.0000 w =   -nan S =  155.7 N =  564.3
LWL85m: dS =    -nan dN =    -nan w =   -nan S =   -nan N =   -nan (rho = -nan)
LPB93:  dS =  0.0000 dN =  0.0000 w =   -nan

8 (xm-m-339-2_00608) vs. 7 (xm-m-314_01567)

L(i):      481.0     125.0     114.0  sum=    720.0
Ns(i):    0.0000    0.0000    0.0000  sum=   0.0000
Nv(i):    0.0000    0.0000    0.0000  sum=   0.0000
A(i):     0.0000    0.0000    0.0000
B(i):    -0.0000   -0.0000   -0.0000
LWL85:  dS =  0.0000 dN =  0.0000 w =   -nan S =  155.7 N =  564.3
LWL85m: dS =    -nan dN =    -nan w =   -nan S =   -nan N =   -nan (rho = -nan)
LPB93:  dS =  0.0000 dN =  0.0000 w =   -nan

9 (xm-m-354_01640) vs. 1 (xm-a-104_02664)

L(i):      481.0     125.0     114.0  sum=    720.0
Ns(i):    0.0000    0.0000    0.0000  sum=   0.0000
Nv(i):    0.0000    0.0000    0.0000  sum=   0.0000
A(i):     0.0000    0.0000    0.0000
B(i):    -0.0000   -0.0000   -0.0000
LWL85:  dS =  0.0000 dN =  0.0000 w =   -nan S =  155.7 N =  564.3
LWL85m: dS =    -nan dN =    -nan w =   -nan S =   -nan N =   -nan (rho = -nan)
LPB93:  dS =  0.0000 dN =  0.0000 w =   -nan

9 (xm-m-354_01640) vs. 2 (xm-a-134_00129)

L(i):      481.0     125.0     114.0  sum=    720.0
Ns(i):    0.0000    0.0000    0.0000  sum=   0.0000
Nv(i):    0.0000    0.0000    0.0000  sum=   0.0000
A(i):     0.0000    0.0000    0.0000
B(i):    -0.0000   -0.0000   -0.0000
LWL85:  dS =  0.0000 dN =  0.0000 w =   -nan S =  155.7 N =  564.3
LWL85m: dS =    -nan dN =    -nan w =   -nan S =   -nan N =   -nan (rho = -nan)
LPB93:  dS =  0.0000 dN =  0.0000 w =   -nan

9 (xm-m-354_01640) vs. 3 (xm-a-151_00608)

L(i):      481.0     125.0     114.0  sum=    720.0
Ns(i):    0.0000    0.0000    0.0000  sum=   0.0000
Nv(i):    0.0000    0.0000    0.0000  sum=   0.0000
A(i):     0.0000    0.0000    0.0000
B(i):    -0.0000   -0.0000   -0.0000
LWL85:  dS =  0.0000 dN =  0.0000 w =   -nan S =  155.7 N =  564.3
LWL85m: dS =    -nan dN =    -nan w =   -nan S =   -nan N =   -nan (rho = -nan)
LPB93:  dS =  0.0000 dN =  0.0000 w =   -nan

9 (xm-m-354_01640) vs. 4 (xm-d-517_02077)

L(i):      481.0     125.0     114.0  sum=    720.0
Ns(i):    0.0000    0.0000    0.0000  sum=   0.0000
Nv(i):    0.0000    0.0000    0.0000  sum=   0.0000
A(i):     0.0000    0.0000    0.0000
B(i):    -0.0000   -0.0000   -0.0000
LWL85:  dS =  0.0000 dN =  0.0000 w =   -nan S =  155.7 N =  564.3
LWL85m: dS =    -nan dN =    -nan w =   -nan S =   -nan N =   -nan (rho = -nan)
LPB93:  dS =  0.0000 dN =  0.0000 w =   -nan

9 (xm-m-354_01640) vs. 5 (xm-g-7_00622)

L(i):      481.0     125.0     114.0  sum=    720.0
Ns(i):    0.0000    0.0000    0.0000  sum=   0.0000
Nv(i):    0.0000    0.0000    0.0000  sum=   0.0000
A(i):     0.0000    0.0000    0.0000
B(i):    -0.0000   -0.0000   -0.0000
LWL85:  dS =  0.0000 dN =  0.0000 w =   -nan S =  155.7 N =  564.3
LWL85m: dS =    -nan dN =    -nan w =   -nan S =   -nan N =   -nan (rho = -nan)
LPB93:  dS =  0.0000 dN =  0.0000 w =   -nan

9 (xm-m-354_01640) vs. 6 (xm-m-309_01641)

L(i):      481.0     125.0     114.0  sum=    720.0
Ns(i):    0.0000    0.0000    0.0000  sum=   0.0000
Nv(i):    0.0000    0.0000    0.0000  sum=   0.0000
A(i):     0.0000    0.0000    0.0000
B(i):    -0.0000   -0.0000   -0.0000
LWL85:  dS =  0.0000 dN =  0.0000 w =   -nan S =  155.7 N =  564.3
LWL85m: dS =    -nan dN =    -nan w =   -nan S =   -nan N =   -nan (rho = -nan)
LPB93:  dS =  0.0000 dN =  0.0000 w =   -nan

9 (xm-m-354_01640) vs. 7 (xm-m-314_01567)

L(i):      481.0     125.0     114.0  sum=    720.0
Ns(i):    0.0000    0.0000    0.0000  sum=   0.0000
Nv(i):    0.0000    0.0000    0.0000  sum=   0.0000
A(i):     0.0000    0.0000    0.0000
B(i):    -0.0000   -0.0000   -0.0000
LWL85:  dS =  0.0000 dN =  0.0000 w =   -nan S =  155.7 N =  564.3
LWL85m: dS =    -nan dN =    -nan w =   -nan S =   -nan N =   -nan (rho = -nan)
LPB93:  dS =  0.0000 dN =  0.0000 w =   -nan

9 (xm-m-354_01640) vs. 8 (xm-m-339-2_00608)

L(i):      481.0     125.0     114.0  sum=    720.0
Ns(i):    0.0000    0.0000    0.0000  sum=   0.0000
Nv(i):    0.0000    0.0000    0.0000  sum=   0.0000
A(i):     0.0000    0.0000    0.0000
B(i):    -0.0000   -0.0000   -0.0000
LWL85:  dS =  0.0000 dN =  0.0000 w =   -nan S =  155.7 N =  564.3
LWL85m: dS =    -nan dN =    -nan w =   -nan S =   -nan N =   -nan (rho = -nan)
LPB93:  dS =  0.0000 dN =  0.0000 w =   -nan

10 (xm-m-378_00129) vs. 1 (xm-a-104_02664)

L(i):      481.0     125.0     114.0  sum=    720.0
Ns(i):    0.0000    0.0000    0.0000  sum=   0.0000
Nv(i):    0.0000    0.0000    0.0000  sum=   0.0000
A(i):     0.0000    0.0000    0.0000
B(i):    -0.0000   -0.0000   -0.0000
LWL85:  dS =  0.0000 dN =  0.0000 w =   -nan S =  155.7 N =  564.3
LWL85m: dS =    -nan dN =    -nan w =   -nan S =   -nan N =   -nan (rho = -nan)
LPB93:  dS =  0.0000 dN =  0.0000 w =   -nan

10 (xm-m-378_00129) vs. 2 (xm-a-134_00129)

L(i):      481.0     125.0     114.0  sum=    720.0
Ns(i):    0.0000    0.0000    0.0000  sum=   0.0000
Nv(i):    0.0000    0.0000    0.0000  sum=   0.0000
A(i):     0.0000    0.0000    0.0000
B(i):    -0.0000   -0.0000   -0.0000
LWL85:  dS =  0.0000 dN =  0.0000 w =   -nan S =  155.7 N =  564.3
LWL85m: dS =    -nan dN =    -nan w =   -nan S =   -nan N =   -nan (rho = -nan)
LPB93:  dS =  0.0000 dN =  0.0000 w =   -nan

10 (xm-m-378_00129) vs. 3 (xm-a-151_00608)

L(i):      481.0     125.0     114.0  sum=    720.0
Ns(i):    0.0000    0.0000    0.0000  sum=   0.0000
Nv(i):    0.0000    0.0000    0.0000  sum=   0.0000
A(i):     0.0000    0.0000    0.0000
B(i):    -0.0000   -0.0000   -0.0000
LWL85:  dS =  0.0000 dN =  0.0000 w =   -nan S =  155.7 N =  564.3
LWL85m: dS =    -nan dN =    -nan w =   -nan S =   -nan N =   -nan (rho = -nan)
LPB93:  dS =  0.0000 dN =  0.0000 w =   -nan

10 (xm-m-378_00129) vs. 4 (xm-d-517_02077)

L(i):      481.0     125.0     114.0  sum=    720.0
Ns(i):    0.0000    0.0000    0.0000  sum=   0.0000
Nv(i):    0.0000    0.0000    0.0000  sum=   0.0000
A(i):     0.0000    0.0000    0.0000
B(i):    -0.0000   -0.0000   -0.0000
LWL85:  dS =  0.0000 dN =  0.0000 w =   -nan S =  155.7 N =  564.3
LWL85m: dS =    -nan dN =    -nan w =   -nan S =   -nan N =   -nan (rho = -nan)
LPB93:  dS =  0.0000 dN =  0.0000 w =   -nan

10 (xm-m-378_00129) vs. 5 (xm-g-7_00622)

L(i):      481.0     125.0     114.0  sum=    720.0
Ns(i):    0.0000    0.0000    0.0000  sum=   0.0000
Nv(i):    0.0000    0.0000    0.0000  sum=   0.0000
A(i):     0.0000    0.0000    0.0000
B(i):    -0.0000   -0.0000   -0.0000
LWL85:  dS =  0.0000 dN =  0.0000 w =   -nan S =  155.7 N =  564.3
LWL85m: dS =    -nan dN =    -nan w =   -nan S =   -nan N =   -nan (rho = -nan)
LPB93:  dS =  0.0000 dN =  0.0000 w =   -nan

10 (xm-m-378_00129) vs. 6 (xm-m-309_01641)

L(i):      481.0     125.0     114.0  sum=    720.0
Ns(i):    0.0000    0.0000    0.0000  sum=   0.0000
Nv(i):    0.0000    0.0000    0.0000  sum=   0.0000
A(i):     0.0000    0.0000    0.0000
B(i):    -0.0000   -0.0000   -0.0000
LWL85:  dS =  0.0000 dN =  0.0000 w =   -nan S =  155.7 N =  564.3
LWL85m: dS =    -nan dN =    -nan w =   -nan S =   -nan N =   -nan (rho = -nan)
LPB93:  dS =  0.0000 dN =  0.0000 w =   -nan

10 (xm-m-378_00129) vs. 7 (xm-m-314_01567)

L(i):      481.0     125.0     114.0  sum=    720.0
Ns(i):    0.0000    0.0000    0.0000  sum=   0.0000
Nv(i):    0.0000    0.0000    0.0000  sum=   0.0000
A(i):     0.0000    0.0000    0.0000
B(i):    -0.0000   -0.0000   -0.0000
LWL85:  dS =  0.0000 dN =  0.0000 w =   -nan S =  155.7 N =  564.3
LWL85m: dS =    -nan dN =    -nan w =   -nan S =   -nan N =   -nan (rho = -nan)
LPB93:  dS =  0.0000 dN =  0.0000 w =   -nan

10 (xm-m-378_00129) vs. 8 (xm-m-339-2_00608)

L(i):      481.0     125.0     114.0  sum=    720.0
Ns(i):    0.0000    0.0000    0.0000  sum=   0.0000
Nv(i):    0.0000    0.0000    0.0000  sum=   0.0000
A(i):     0.0000    0.0000    0.0000
B(i):    -0.0000   -0.0000   -0.0000
LWL85:  dS =  0.0000 dN =  0.0000 w =   -nan S =  155.7 N =  564.3
LWL85m: dS =    -nan dN =    -nan w =   -nan S =   -nan N =   -nan (rho = -nan)
LPB93:  dS =  0.0000 dN =  0.0000 w =   -nan

10 (xm-m-378_00129) vs. 9 (xm-m-354_01640)

L(i):      481.0     125.0     114.0  sum=    720.0
Ns(i):    0.0000    0.0000    0.0000  sum=   0.0000
Nv(i):    0.0000    0.0000    0.0000  sum=   0.0000
A(i):     0.0000    0.0000    0.0000
B(i):    -0.0000   -0.0000   -0.0000
LWL85:  dS =  0.0000 dN =  0.0000 w =   -nan S =  155.7 N =  564.3
LWL85m: dS =    -nan dN =    -nan w =   -nan S =   -nan N =   -nan (rho = -nan)
LPB93:  dS =  0.0000 dN =  0.0000 w =   -nan

11 (xm-m-379_02664) vs. 1 (xm-a-104_02664)

L(i):      481.0     125.0     114.0  sum=    720.0
Ns(i):    0.0000    0.0000    0.0000  sum=   0.0000
Nv(i):    0.0000    0.0000    0.0000  sum=   0.0000
A(i):     0.0000    0.0000    0.0000
B(i):    -0.0000   -0.0000   -0.0000
LWL85:  dS =  0.0000 dN =  0.0000 w =   -nan S =  155.7 N =  564.3
LWL85m: dS =    -nan dN =    -nan w =   -nan S =   -nan N =   -nan (rho = -nan)
LPB93:  dS =  0.0000 dN =  0.0000 w =   -nan

11 (xm-m-379_02664) vs. 2 (xm-a-134_00129)

L(i):      481.0     125.0     114.0  sum=    720.0
Ns(i):    0.0000    0.0000    0.0000  sum=   0.0000
Nv(i):    0.0000    0.0000    0.0000  sum=   0.0000
A(i):     0.0000    0.0000    0.0000
B(i):    -0.0000   -0.0000   -0.0000
LWL85:  dS =  0.0000 dN =  0.0000 w =   -nan S =  155.7 N =  564.3
LWL85m: dS =    -nan dN =    -nan w =   -nan S =   -nan N =   -nan (rho = -nan)
LPB93:  dS =  0.0000 dN =  0.0000 w =   -nan

11 (xm-m-379_02664) vs. 3 (xm-a-151_00608)

L(i):      481.0     125.0     114.0  sum=    720.0
Ns(i):    0.0000    0.0000    0.0000  sum=   0.0000
Nv(i):    0.0000    0.0000    0.0000  sum=   0.0000
A(i):     0.0000    0.0000    0.0000
B(i):    -0.0000   -0.0000   -0.0000
LWL85:  dS =  0.0000 dN =  0.0000 w =   -nan S =  155.7 N =  564.3
LWL85m: dS =    -nan dN =    -nan w =   -nan S =   -nan N =   -nan (rho = -nan)
LPB93:  dS =  0.0000 dN =  0.0000 w =   -nan

11 (xm-m-379_02664) vs. 4 (xm-d-517_02077)

L(i):      481.0     125.0     114.0  sum=    720.0
Ns(i):    0.0000    0.0000    0.0000  sum=   0.0000
Nv(i):    0.0000    0.0000    0.0000  sum=   0.0000
A(i):     0.0000    0.0000    0.0000
B(i):    -0.0000   -0.0000   -0.0000
LWL85:  dS =  0.0000 dN =  0.0000 w =   -nan S =  155.7 N =  564.3
LWL85m: dS =    -nan dN =    -nan w =   -nan S =   -nan N =   -nan (rho = -nan)
LPB93:  dS =  0.0000 dN =  0.0000 w =   -nan

11 (xm-m-379_02664) vs. 5 (xm-g-7_00622)

L(i):      481.0     125.0     114.0  sum=    720.0
Ns(i):    0.0000    0.0000    0.0000  sum=   0.0000
Nv(i):    0.0000    0.0000    0.0000  sum=   0.0000
A(i):     0.0000    0.0000    0.0000
B(i):    -0.0000   -0.0000   -0.0000
LWL85:  dS =  0.0000 dN =  0.0000 w =   -nan S =  155.7 N =  564.3
LWL85m: dS =    -nan dN =    -nan w =   -nan S =   -nan N =   -nan (rho = -nan)
LPB93:  dS =  0.0000 dN =  0.0000 w =   -nan

11 (xm-m-379_02664) vs. 6 (xm-m-309_01641)

L(i):      481.0     125.0     114.0  sum=    720.0
Ns(i):    0.0000    0.0000    0.0000  sum=   0.0000
Nv(i):    0.0000    0.0000    0.0000  sum=   0.0000
A(i):     0.0000    0.0000    0.0000
B(i):    -0.0000   -0.0000   -0.0000
LWL85:  dS =  0.0000 dN =  0.0000 w =   -nan S =  155.7 N =  564.3
LWL85m: dS =    -nan dN =    -nan w =   -nan S =   -nan N =   -nan (rho = -nan)
LPB93:  dS =  0.0000 dN =  0.0000 w =   -nan

11 (xm-m-379_02664) vs. 7 (xm-m-314_01567)

L(i):      481.0     125.0     114.0  sum=    720.0
Ns(i):    0.0000    0.0000    0.0000  sum=   0.0000
Nv(i):    0.0000    0.0000    0.0000  sum=   0.0000
A(i):     0.0000    0.0000    0.0000
B(i):    -0.0000   -0.0000   -0.0000
LWL85:  dS =  0.0000 dN =  0.0000 w =   -nan S =  155.7 N =  564.3
LWL85m: dS =    -nan dN =    -nan w =   -nan S =   -nan N =   -nan (rho = -nan)
LPB93:  dS =  0.0000 dN =  0.0000 w =   -nan

11 (xm-m-379_02664) vs. 8 (xm-m-339-2_00608)

L(i):      481.0     125.0     114.0  sum=    720.0
Ns(i):    0.0000    0.0000    0.0000  sum=   0.0000
Nv(i):    0.0000    0.0000    0.0000  sum=   0.0000
A(i):     0.0000    0.0000    0.0000
B(i):    -0.0000   -0.0000   -0.0000
LWL85:  dS =  0.0000 dN =  0.0000 w =   -nan S =  155.7 N =  564.3
LWL85m: dS =    -nan dN =    -nan w =   -nan S =   -nan N =   -nan (rho = -nan)
LPB93:  dS =  0.0000 dN =  0.0000 w =   -nan

11 (xm-m-379_02664) vs. 9 (xm-m-354_01640)

L(i):      481.0     125.0     114.0  sum=    720.0
Ns(i):    0.0000    0.0000    0.0000  sum=   0.0000
Nv(i):    0.0000    0.0000    0.0000  sum=   0.0000
A(i):     0.0000    0.0000    0.0000
B(i):    -0.0000   -0.0000   -0.0000
LWL85:  dS =  0.0000 dN =  0.0000 w =   -nan S =  155.7 N =  564.3
LWL85m: dS =    -nan dN =    -nan w =   -nan S =   -nan N =   -nan (rho = -nan)
LPB93:  dS =  0.0000 dN =  0.0000 w =   -nan

11 (xm-m-379_02664) vs. 10 (xm-m-378_00129)

L(i):      481.0     125.0     114.0  sum=    720.0
Ns(i):    0.0000    0.0000    0.0000  sum=   0.0000
Nv(i):    0.0000    0.0000    0.0000  sum=   0.0000
A(i):     0.0000    0.0000    0.0000
B(i):    -0.0000   -0.0000   -0.0000
LWL85:  dS =  0.0000 dN =  0.0000 w =   -nan S =  155.7 N =  564.3
LWL85m: dS =    -nan dN =    -nan w =   -nan S =   -nan N =   -nan (rho = -nan)
LPB93:  dS =  0.0000 dN =  0.0000 w =   -nan

12 (xm-v-201_01639) vs. 1 (xm-a-104_02664)

L(i):      481.0     125.0     114.0  sum=    720.0
Ns(i):    0.0000    0.0000    0.0000  sum=   0.0000
Nv(i):    0.0000    0.0000    0.0000  sum=   0.0000
A(i):     0.0000    0.0000    0.0000
B(i):    -0.0000   -0.0000   -0.0000
LWL85:  dS =  0.0000 dN =  0.0000 w =   -nan S =  155.7 N =  564.3
LWL85m: dS =    -nan dN =    -nan w =   -nan S =   -nan N =   -nan (rho = -nan)
LPB93:  dS =  0.0000 dN =  0.0000 w =   -nan

12 (xm-v-201_01639) vs. 2 (xm-a-134_00129)

L(i):      481.0     125.0     114.0  sum=    720.0
Ns(i):    0.0000    0.0000    0.0000  sum=   0.0000
Nv(i):    0.0000    0.0000    0.0000  sum=   0.0000
A(i):     0.0000    0.0000    0.0000
B(i):    -0.0000   -0.0000   -0.0000
LWL85:  dS =  0.0000 dN =  0.0000 w =   -nan S =  155.7 N =  564.3
LWL85m: dS =    -nan dN =    -nan w =   -nan S =   -nan N =   -nan (rho = -nan)
LPB93:  dS =  0.0000 dN =  0.0000 w =   -nan

12 (xm-v-201_01639) vs. 3 (xm-a-151_00608)

L(i):      481.0     125.0     114.0  sum=    720.0
Ns(i):    0.0000    0.0000    0.0000  sum=   0.0000
Nv(i):    0.0000    0.0000    0.0000  sum=   0.0000
A(i):     0.0000    0.0000    0.0000
B(i):    -0.0000   -0.0000   -0.0000
LWL85:  dS =  0.0000 dN =  0.0000 w =   -nan S =  155.7 N =  564.3
LWL85m: dS =    -nan dN =    -nan w =   -nan S =   -nan N =   -nan (rho = -nan)
LPB93:  dS =  0.0000 dN =  0.0000 w =   -nan

12 (xm-v-201_01639) vs. 4 (xm-d-517_02077)

L(i):      481.0     125.0     114.0  sum=    720.0
Ns(i):    0.0000    0.0000    0.0000  sum=   0.0000
Nv(i):    0.0000    0.0000    0.0000  sum=   0.0000
A(i):     0.0000    0.0000    0.0000
B(i):    -0.0000   -0.0000   -0.0000
LWL85:  dS =  0.0000 dN =  0.0000 w =   -nan S =  155.7 N =  564.3
LWL85m: dS =    -nan dN =    -nan w =   -nan S =   -nan N =   -nan (rho = -nan)
LPB93:  dS =  0.0000 dN =  0.0000 w =   -nan

12 (xm-v-201_01639) vs. 5 (xm-g-7_00622)

L(i):      481.0     125.0     114.0  sum=    720.0
Ns(i):    0.0000    0.0000    0.0000  sum=   0.0000
Nv(i):    0.0000    0.0000    0.0000  sum=   0.0000
A(i):     0.0000    0.0000    0.0000
B(i):    -0.0000   -0.0000   -0.0000
LWL85:  dS =  0.0000 dN =  0.0000 w =   -nan S =  155.7 N =  564.3
LWL85m: dS =    -nan dN =    -nan w =   -nan S =   -nan N =   -nan (rho = -nan)
LPB93:  dS =  0.0000 dN =  0.0000 w =   -nan

12 (xm-v-201_01639) vs. 6 (xm-m-309_01641)

L(i):      481.0     125.0     114.0  sum=    720.0
Ns(i):    0.0000    0.0000    0.0000  sum=   0.0000
Nv(i):    0.0000    0.0000    0.0000  sum=   0.0000
A(i):     0.0000    0.0000    0.0000
B(i):    -0.0000   -0.0000   -0.0000
LWL85:  dS =  0.0000 dN =  0.0000 w =   -nan S =  155.7 N =  564.3
LWL85m: dS =    -nan dN =    -nan w =   -nan S =   -nan N =   -nan (rho = -nan)
LPB93:  dS =  0.0000 dN =  0.0000 w =   -nan

12 (xm-v-201_01639) vs. 7 (xm-m-314_01567)

L(i):      481.0     125.0     114.0  sum=    720.0
Ns(i):    0.0000    0.0000    0.0000  sum=   0.0000
Nv(i):    0.0000    0.0000    0.0000  sum=   0.0000
A(i):     0.0000    0.0000    0.0000
B(i):    -0.0000   -0.0000   -0.0000
LWL85:  dS =  0.0000 dN =  0.0000 w =   -nan S =  155.7 N =  564.3
LWL85m: dS =    -nan dN =    -nan w =   -nan S =   -nan N =   -nan (rho = -nan)
LPB93:  dS =  0.0000 dN =  0.0000 w =   -nan

12 (xm-v-201_01639) vs. 8 (xm-m-339-2_00608)

L(i):      481.0     125.0     114.0  sum=    720.0
Ns(i):    0.0000    0.0000    0.0000  sum=   0.0000
Nv(i):    0.0000    0.0000    0.0000  sum=   0.0000
A(i):     0.0000    0.0000    0.0000
B(i):    -0.0000   -0.0000   -0.0000
LWL85:  dS =  0.0000 dN =  0.0000 w =   -nan S =  155.7 N =  564.3
LWL85m: dS =    -nan dN =    -nan w =   -nan S =   -nan N =   -nan (rho = -nan)
LPB93:  dS =  0.0000 dN =  0.0000 w =   -nan

12 (xm-v-201_01639) vs. 9 (xm-m-354_01640)

L(i):      481.0     125.0     114.0  sum=    720.0
Ns(i):    0.0000    0.0000    0.0000  sum=   0.0000
Nv(i):    0.0000    0.0000    0.0000  sum=   0.0000
A(i):     0.0000    0.0000    0.0000
B(i):    -0.0000   -0.0000   -0.0000
LWL85:  dS =  0.0000 dN =  0.0000 w =   -nan S =  155.7 N =  564.3
LWL85m: dS =    -nan dN =    -nan w =   -nan S =   -nan N =   -nan (rho = -nan)
LPB93:  dS =  0.0000 dN =  0.0000 w =   -nan

12 (xm-v-201_01639) vs. 10 (xm-m-378_00129)

L(i):      481.0     125.0     114.0  sum=    720.0
Ns(i):    0.0000    0.0000    0.0000  sum=   0.0000
Nv(i):    0.0000    0.0000    0.0000  sum=   0.0000
A(i):     0.0000    0.0000    0.0000
B(i):    -0.0000   -0.0000   -0.0000
LWL85:  dS =  0.0000 dN =  0.0000 w =   -nan S =  155.7 N =  564.3
LWL85m: dS =    -nan dN =    -nan w =   -nan S =   -nan N =   -nan (rho = -nan)
LPB93:  dS =  0.0000 dN =  0.0000 w =   -nan

12 (xm-v-201_01639) vs. 11 (xm-m-379_02664)

L(i):      481.0     125.0     114.0  sum=    720.0
Ns(i):    0.0000    0.0000    0.0000  sum=   0.0000
Nv(i):    0.0000    0.0000    0.0000  sum=   0.0000
A(i):     0.0000    0.0000    0.0000
B(i):    -0.0000   -0.0000   -0.0000
LWL85:  dS =  0.0000 dN =  0.0000 w =   -nan S =  155.7 N =  564.3
LWL85m: dS =    -nan dN =    -nan w =   -nan S =   -nan N =   -nan (rho = -nan)
LPB93:  dS =  0.0000 dN =  0.0000 w =   -nan

13 (xm-v-204_02665) vs. 1 (xm-a-104_02664)

L(i):      481.0     125.0     114.0  sum=    720.0
Ns(i):    0.0000    0.0000    0.0000  sum=   0.0000
Nv(i):    0.0000    0.0000    0.0000  sum=   0.0000
A(i):     0.0000    0.0000    0.0000
B(i):    -0.0000   -0.0000   -0.0000
LWL85:  dS =  0.0000 dN =  0.0000 w =   -nan S =  155.7 N =  564.3
LWL85m: dS =    -nan dN =    -nan w =   -nan S =   -nan N =   -nan (rho = -nan)
LPB93:  dS =  0.0000 dN =  0.0000 w =   -nan

13 (xm-v-204_02665) vs. 2 (xm-a-134_00129)

L(i):      481.0     125.0     114.0  sum=    720.0
Ns(i):    0.0000    0.0000    0.0000  sum=   0.0000
Nv(i):    0.0000    0.0000    0.0000  sum=   0.0000
A(i):     0.0000    0.0000    0.0000
B(i):    -0.0000   -0.0000   -0.0000
LWL85:  dS =  0.0000 dN =  0.0000 w =   -nan S =  155.7 N =  564.3
LWL85m: dS =    -nan dN =    -nan w =   -nan S =   -nan N =   -nan (rho = -nan)
LPB93:  dS =  0.0000 dN =  0.0000 w =   -nan

13 (xm-v-204_02665) vs. 3 (xm-a-151_00608)

L(i):      481.0     125.0     114.0  sum=    720.0
Ns(i):    0.0000    0.0000    0.0000  sum=   0.0000
Nv(i):    0.0000    0.0000    0.0000  sum=   0.0000
A(i):     0.0000    0.0000    0.0000
B(i):    -0.0000   -0.0000   -0.0000
LWL85:  dS =  0.0000 dN =  0.0000 w =   -nan S =  155.7 N =  564.3
LWL85m: dS =    -nan dN =    -nan w =   -nan S =   -nan N =   -nan (rho = -nan)
LPB93:  dS =  0.0000 dN =  0.0000 w =   -nan

13 (xm-v-204_02665) vs. 4 (xm-d-517_02077)

L(i):      481.0     125.0     114.0  sum=    720.0
Ns(i):    0.0000    0.0000    0.0000  sum=   0.0000
Nv(i):    0.0000    0.0000    0.0000  sum=   0.0000
A(i):     0.0000    0.0000    0.0000
B(i):    -0.0000   -0.0000   -0.0000
LWL85:  dS =  0.0000 dN =  0.0000 w =   -nan S =  155.7 N =  564.3
LWL85m: dS =    -nan dN =    -nan w =   -nan S =   -nan N =   -nan (rho = -nan)
LPB93:  dS =  0.0000 dN =  0.0000 w =   -nan

13 (xm-v-204_02665) vs. 5 (xm-g-7_00622)

L(i):      481.0     125.0     114.0  sum=    720.0
Ns(i):    0.0000    0.0000    0.0000  sum=   0.0000
Nv(i):    0.0000    0.0000    0.0000  sum=   0.0000
A(i):     0.0000    0.0000    0.0000
B(i):    -0.0000   -0.0000   -0.0000
LWL85:  dS =  0.0000 dN =  0.0000 w =   -nan S =  155.7 N =  564.3
LWL85m: dS =    -nan dN =    -nan w =   -nan S =   -nan N =   -nan (rho = -nan)
LPB93:  dS =  0.0000 dN =  0.0000 w =   -nan

13 (xm-v-204_02665) vs. 6 (xm-m-309_01641)

L(i):      481.0     125.0     114.0  sum=    720.0
Ns(i):    0.0000    0.0000    0.0000  sum=   0.0000
Nv(i):    0.0000    0.0000    0.0000  sum=   0.0000
A(i):     0.0000    0.0000    0.0000
B(i):    -0.0000   -0.0000   -0.0000
LWL85:  dS =  0.0000 dN =  0.0000 w =   -nan S =  155.7 N =  564.3
LWL85m: dS =    -nan dN =    -nan w =   -nan S =   -nan N =   -nan (rho = -nan)
LPB93:  dS =  0.0000 dN =  0.0000 w =   -nan

13 (xm-v-204_02665) vs. 7 (xm-m-314_01567)

L(i):      481.0     125.0     114.0  sum=    720.0
Ns(i):    0.0000    0.0000    0.0000  sum=   0.0000
Nv(i):    0.0000    0.0000    0.0000  sum=   0.0000
A(i):     0.0000    0.0000    0.0000
B(i):    -0.0000   -0.0000   -0.0000
LWL85:  dS =  0.0000 dN =  0.0000 w =   -nan S =  155.7 N =  564.3
LWL85m: dS =    -nan dN =    -nan w =   -nan S =   -nan N =   -nan (rho = -nan)
LPB93:  dS =  0.0000 dN =  0.0000 w =   -nan

13 (xm-v-204_02665) vs. 8 (xm-m-339-2_00608)

L(i):      481.0     125.0     114.0  sum=    720.0
Ns(i):    0.0000    0.0000    0.0000  sum=   0.0000
Nv(i):    0.0000    0.0000    0.0000  sum=   0.0000
A(i):     0.0000    0.0000    0.0000
B(i):    -0.0000   -0.0000   -0.0000
LWL85:  dS =  0.0000 dN =  0.0000 w =   -nan S =  155.7 N =  564.3
LWL85m: dS =    -nan dN =    -nan w =   -nan S =   -nan N =   -nan (rho = -nan)
LPB93:  dS =  0.0000 dN =  0.0000 w =   -nan

13 (xm-v-204_02665) vs. 9 (xm-m-354_01640)

L(i):      481.0     125.0     114.0  sum=    720.0
Ns(i):    0.0000    0.0000    0.0000  sum=   0.0000
Nv(i):    0.0000    0.0000    0.0000  sum=   0.0000
A(i):     0.0000    0.0000    0.0000
B(i):    -0.0000   -0.0000   -0.0000
LWL85:  dS =  0.0000 dN =  0.0000 w =   -nan S =  155.7 N =  564.3
LWL85m: dS =    -nan dN =    -nan w =   -nan S =   -nan N =   -nan (rho = -nan)
LPB93:  dS =  0.0000 dN =  0.0000 w =   -nan

13 (xm-v-204_02665) vs. 10 (xm-m-378_00129)

L(i):      481.0     125.0     114.0  sum=    720.0
Ns(i):    0.0000    0.0000    0.0000  sum=   0.0000
Nv(i):    0.0000    0.0000    0.0000  sum=   0.0000
A(i):     0.0000    0.0000    0.0000
B(i):    -0.0000   -0.0000   -0.0000
LWL85:  dS =  0.0000 dN =  0.0000 w =   -nan S =  155.7 N =  564.3
LWL85m: dS =    -nan dN =    -nan w =   -nan S =   -nan N =   -nan (rho = -nan)
LPB93:  dS =  0.0000 dN =  0.0000 w =   -nan

13 (xm-v-204_02665) vs. 11 (xm-m-379_02664)

L(i):      481.0     125.0     114.0  sum=    720.0
Ns(i):    0.0000    0.0000    0.0000  sum=   0.0000
Nv(i):    0.0000    0.0000    0.0000  sum=   0.0000
A(i):     0.0000    0.0000    0.0000
B(i):    -0.0000   -0.0000   -0.0000
LWL85:  dS =  0.0000 dN =  0.0000 w =   -nan S =  155.7 N =  564.3
LWL85m: dS =    -nan dN =    -nan w =   -nan S =   -nan N =   -nan (rho = -nan)
LPB93:  dS =  0.0000 dN =  0.0000 w =   -nan

13 (xm-v-204_02665) vs. 12 (xm-v-201_01639)

L(i):      481.0     125.0     114.0  sum=    720.0
Ns(i):    0.0000    0.0000    0.0000  sum=   0.0000
Nv(i):    0.0000    0.0000    0.0000  sum=   0.0000
A(i):     0.0000    0.0000    0.0000
B(i):    -0.0000   -0.0000   -0.0000
LWL85:  dS =  0.0000 dN =  0.0000 w =   -nan S =  155.7 N =  564.3
LWL85m: dS =    -nan dN =    -nan w =   -nan S =   -nan N =   -nan (rho = -nan)
LPB93:  dS =  0.0000 dN =  0.0000 w =   -nan

14 (xm-v-208_01681) vs. 1 (xm-a-104_02664)

L(i):      481.0     125.0     114.0  sum=    720.0
Ns(i):    0.0000    0.0000    0.0000  sum=   0.0000
Nv(i):    0.0000    0.0000    0.0000  sum=   0.0000
A(i):     0.0000    0.0000    0.0000
B(i):    -0.0000   -0.0000   -0.0000
LWL85:  dS =  0.0000 dN =  0.0000 w =   -nan S =  155.7 N =  564.3
LWL85m: dS =    -nan dN =    -nan w =   -nan S =   -nan N =   -nan (rho = -nan)
LPB93:  dS =  0.0000 dN =  0.0000 w =   -nan

14 (xm-v-208_01681) vs. 2 (xm-a-134_00129)

L(i):      481.0     125.0     114.0  sum=    720.0
Ns(i):    0.0000    0.0000    0.0000  sum=   0.0000
Nv(i):    0.0000    0.0000    0.0000  sum=   0.0000
A(i):     0.0000    0.0000    0.0000
B(i):    -0.0000   -0.0000   -0.0000
LWL85:  dS =  0.0000 dN =  0.0000 w =   -nan S =  155.7 N =  564.3
LWL85m: dS =    -nan dN =    -nan w =   -nan S =   -nan N =   -nan (rho = -nan)
LPB93:  dS =  0.0000 dN =  0.0000 w =   -nan

14 (xm-v-208_01681) vs. 3 (xm-a-151_00608)

L(i):      481.0     125.0     114.0  sum=    720.0
Ns(i):    0.0000    0.0000    0.0000  sum=   0.0000
Nv(i):    0.0000    0.0000    0.0000  sum=   0.0000
A(i):     0.0000    0.0000    0.0000
B(i):    -0.0000   -0.0000   -0.0000
LWL85:  dS =  0.0000 dN =  0.0000 w =   -nan S =  155.7 N =  564.3
LWL85m: dS =    -nan dN =    -nan w =   -nan S =   -nan N =   -nan (rho = -nan)
LPB93:  dS =  0.0000 dN =  0.0000 w =   -nan

14 (xm-v-208_01681) vs. 4 (xm-d-517_02077)

L(i):      481.0     125.0     114.0  sum=    720.0
Ns(i):    0.0000    0.0000    0.0000  sum=   0.0000
Nv(i):    0.0000    0.0000    0.0000  sum=   0.0000
A(i):     0.0000    0.0000    0.0000
B(i):    -0.0000   -0.0000   -0.0000
LWL85:  dS =  0.0000 dN =  0.0000 w =   -nan S =  155.7 N =  564.3
LWL85m: dS =    -nan dN =    -nan w =   -nan S =   -nan N =   -nan (rho = -nan)
LPB93:  dS =  0.0000 dN =  0.0000 w =   -nan

14 (xm-v-208_01681) vs. 5 (xm-g-7_00622)

L(i):      481.0     125.0     114.0  sum=    720.0
Ns(i):    0.0000    0.0000    0.0000  sum=   0.0000
Nv(i):    0.0000    0.0000    0.0000  sum=   0.0000
A(i):     0.0000    0.0000    0.0000
B(i):    -0.0000   -0.0000   -0.0000
LWL85:  dS =  0.0000 dN =  0.0000 w =   -nan S =  155.7 N =  564.3
LWL85m: dS =    -nan dN =    -nan w =   -nan S =   -nan N =   -nan (rho = -nan)
LPB93:  dS =  0.0000 dN =  0.0000 w =   -nan

14 (xm-v-208_01681) vs. 6 (xm-m-309_01641)

L(i):      481.0     125.0     114.0  sum=    720.0
Ns(i):    0.0000    0.0000    0.0000  sum=   0.0000
Nv(i):    0.0000    0.0000    0.0000  sum=   0.0000
A(i):     0.0000    0.0000    0.0000
B(i):    -0.0000   -0.0000   -0.0000
LWL85:  dS =  0.0000 dN =  0.0000 w =   -nan S =  155.7 N =  564.3
LWL85m: dS =    -nan dN =    -nan w =   -nan S =   -nan N =   -nan (rho = -nan)
LPB93:  dS =  0.0000 dN =  0.0000 w =   -nan

14 (xm-v-208_01681) vs. 7 (xm-m-314_01567)

L(i):      481.0     125.0     114.0  sum=    720.0
Ns(i):    0.0000    0.0000    0.0000  sum=   0.0000
Nv(i):    0.0000    0.0000    0.0000  sum=   0.0000
A(i):     0.0000    0.0000    0.0000
B(i):    -0.0000   -0.0000   -0.0000
LWL85:  dS =  0.0000 dN =  0.0000 w =   -nan S =  155.7 N =  564.3
LWL85m: dS =    -nan dN =    -nan w =   -nan S =   -nan N =   -nan (rho = -nan)
LPB93:  dS =  0.0000 dN =  0.0000 w =   -nan

14 (xm-v-208_01681) vs. 8 (xm-m-339-2_00608)

L(i):      481.0     125.0     114.0  sum=    720.0
Ns(i):    0.0000    0.0000    0.0000  sum=   0.0000
Nv(i):    0.0000    0.0000    0.0000  sum=   0.0000
A(i):     0.0000    0.0000    0.0000
B(i):    -0.0000   -0.0000   -0.0000
LWL85:  dS =  0.0000 dN =  0.0000 w =   -nan S =  155.7 N =  564.3
LWL85m: dS =    -nan dN =    -nan w =   -nan S =   -nan N =   -nan (rho = -nan)
LPB93:  dS =  0.0000 dN =  0.0000 w =   -nan

14 (xm-v-208_01681) vs. 9 (xm-m-354_01640)

L(i):      481.0     125.0     114.0  sum=    720.0
Ns(i):    0.0000    0.0000    0.0000  sum=   0.0000
Nv(i):    0.0000    0.0000    0.0000  sum=   0.0000
A(i):     0.0000    0.0000    0.0000
B(i):    -0.0000   -0.0000   -0.0000
LWL85:  dS =  0.0000 dN =  0.0000 w =   -nan S =  155.7 N =  564.3
LWL85m: dS =    -nan dN =    -nan w =   -nan S =   -nan N =   -nan (rho = -nan)
LPB93:  dS =  0.0000 dN =  0.0000 w =   -nan

14 (xm-v-208_01681) vs. 10 (xm-m-378_00129)

L(i):      481.0     125.0     114.0  sum=    720.0
Ns(i):    0.0000    0.0000    0.0000  sum=   0.0000
Nv(i):    0.0000    0.0000    0.0000  sum=   0.0000
A(i):     0.0000    0.0000    0.0000
B(i):    -0.0000   -0.0000   -0.0000
LWL85:  dS =  0.0000 dN =  0.0000 w =   -nan S =  155.7 N =  564.3
LWL85m: dS =    -nan dN =    -nan w =   -nan S =   -nan N =   -nan (rho = -nan)
LPB93:  dS =  0.0000 dN =  0.0000 w =   -nan

14 (xm-v-208_01681) vs. 11 (xm-m-379_02664)

L(i):      481.0     125.0     114.0  sum=    720.0
Ns(i):    0.0000    0.0000    0.0000  sum=   0.0000
Nv(i):    0.0000    0.0000    0.0000  sum=   0.0000
A(i):     0.0000    0.0000    0.0000
B(i):    -0.0000   -0.0000   -0.0000
LWL85:  dS =  0.0000 dN =  0.0000 w =   -nan S =  155.7 N =  564.3
LWL85m: dS =    -nan dN =    -nan w =   -nan S =   -nan N =   -nan (rho = -nan)
LPB93:  dS =  0.0000 dN =  0.0000 w =   -nan

14 (xm-v-208_01681) vs. 12 (xm-v-201_01639)

L(i):      481.0     125.0     114.0  sum=    720.0
Ns(i):    0.0000    0.0000    0.0000  sum=   0.0000
Nv(i):    0.0000    0.0000    0.0000  sum=   0.0000
A(i):     0.0000    0.0000    0.0000
B(i):    -0.0000   -0.0000   -0.0000
LWL85:  dS =  0.0000 dN =  0.0000 w =   -nan S =  155.7 N =  564.3
LWL85m: dS =    -nan dN =    -nan w =   -nan S =   -nan N =   -nan (rho = -nan)
LPB93:  dS =  0.0000 dN =  0.0000 w =   -nan

14 (xm-v-208_01681) vs. 13 (xm-v-204_02665)

L(i):      481.0     125.0     114.0  sum=    720.0
Ns(i):    0.0000    0.0000    0.0000  sum=   0.0000
Nv(i):    0.0000    0.0000    0.0000  sum=   0.0000
A(i):     0.0000    0.0000    0.0000
B(i):    -0.0000   -0.0000   -0.0000
LWL85:  dS =  0.0000 dN =  0.0000 w =   -nan S =  155.7 N =  564.3
LWL85m: dS =    -nan dN =    -nan w =   -nan S =   -nan N =   -nan (rho = -nan)
LPB93:  dS =  0.0000 dN =  0.0000 w =   -nan

15 (xm-v-209_01567) vs. 1 (xm-a-104_02664)

L(i):      481.0     125.0     114.0  sum=    720.0
Ns(i):    0.0000    0.0000    0.0000  sum=   0.0000
Nv(i):    0.0000    0.0000    0.0000  sum=   0.0000
A(i):     0.0000    0.0000    0.0000
B(i):    -0.0000   -0.0000   -0.0000
LWL85:  dS =  0.0000 dN =  0.0000 w =   -nan S =  155.7 N =  564.3
LWL85m: dS =    -nan dN =    -nan w =   -nan S =   -nan N =   -nan (rho = -nan)
LPB93:  dS =  0.0000 dN =  0.0000 w =   -nan

15 (xm-v-209_01567) vs. 2 (xm-a-134_00129)

L(i):      481.0     125.0     114.0  sum=    720.0
Ns(i):    0.0000    0.0000    0.0000  sum=   0.0000
Nv(i):    0.0000    0.0000    0.0000  sum=   0.0000
A(i):     0.0000    0.0000    0.0000
B(i):    -0.0000   -0.0000   -0.0000
LWL85:  dS =  0.0000 dN =  0.0000 w =   -nan S =  155.7 N =  564.3
LWL85m: dS =    -nan dN =    -nan w =   -nan S =   -nan N =   -nan (rho = -nan)
LPB93:  dS =  0.0000 dN =  0.0000 w =   -nan

15 (xm-v-209_01567) vs. 3 (xm-a-151_00608)

L(i):      481.0     125.0     114.0  sum=    720.0
Ns(i):    0.0000    0.0000    0.0000  sum=   0.0000
Nv(i):    0.0000    0.0000    0.0000  sum=   0.0000
A(i):     0.0000    0.0000    0.0000
B(i):    -0.0000   -0.0000   -0.0000
LWL85:  dS =  0.0000 dN =  0.0000 w =   -nan S =  155.7 N =  564.3
LWL85m: dS =    -nan dN =    -nan w =   -nan S =   -nan N =   -nan (rho = -nan)
LPB93:  dS =  0.0000 dN =  0.0000 w =   -nan

15 (xm-v-209_01567) vs. 4 (xm-d-517_02077)

L(i):      481.0     125.0     114.0  sum=    720.0
Ns(i):    0.0000    0.0000    0.0000  sum=   0.0000
Nv(i):    0.0000    0.0000    0.0000  sum=   0.0000
A(i):     0.0000    0.0000    0.0000
B(i):    -0.0000   -0.0000   -0.0000
LWL85:  dS =  0.0000 dN =  0.0000 w =   -nan S =  155.7 N =  564.3
LWL85m: dS =    -nan dN =    -nan w =   -nan S =   -nan N =   -nan (rho = -nan)
LPB93:  dS =  0.0000 dN =  0.0000 w =   -nan

15 (xm-v-209_01567) vs. 5 (xm-g-7_00622)

L(i):      481.0     125.0     114.0  sum=    720.0
Ns(i):    0.0000    0.0000    0.0000  sum=   0.0000
Nv(i):    0.0000    0.0000    0.0000  sum=   0.0000
A(i):     0.0000    0.0000    0.0000
B(i):    -0.0000   -0.0000   -0.0000
LWL85:  dS =  0.0000 dN =  0.0000 w =   -nan S =  155.7 N =  564.3
LWL85m: dS =    -nan dN =    -nan w =   -nan S =   -nan N =   -nan (rho = -nan)
LPB93:  dS =  0.0000 dN =  0.0000 w =   -nan

15 (xm-v-209_01567) vs. 6 (xm-m-309_01641)

L(i):      481.0     125.0     114.0  sum=    720.0
Ns(i):    0.0000    0.0000    0.0000  sum=   0.0000
Nv(i):    0.0000    0.0000    0.0000  sum=   0.0000
A(i):     0.0000    0.0000    0.0000
B(i):    -0.0000   -0.0000   -0.0000
LWL85:  dS =  0.0000 dN =  0.0000 w =   -nan S =  155.7 N =  564.3
LWL85m: dS =    -nan dN =    -nan w =   -nan S =   -nan N =   -nan (rho = -nan)
LPB93:  dS =  0.0000 dN =  0.0000 w =   -nan

15 (xm-v-209_01567) vs. 7 (xm-m-314_01567)

L(i):      481.0     125.0     114.0  sum=    720.0
Ns(i):    0.0000    0.0000    0.0000  sum=   0.0000
Nv(i):    0.0000    0.0000    0.0000  sum=   0.0000
A(i):     0.0000    0.0000    0.0000
B(i):    -0.0000   -0.0000   -0.0000
LWL85:  dS =  0.0000 dN =  0.0000 w =   -nan S =  155.7 N =  564.3
LWL85m: dS =    -nan dN =    -nan w =   -nan S =   -nan N =   -nan (rho = -nan)
LPB93:  dS =  0.0000 dN =  0.0000 w =   -nan

15 (xm-v-209_01567) vs. 8 (xm-m-339-2_00608)

L(i):      481.0     125.0     114.0  sum=    720.0
Ns(i):    0.0000    0.0000    0.0000  sum=   0.0000
Nv(i):    0.0000    0.0000    0.0000  sum=   0.0000
A(i):     0.0000    0.0000    0.0000
B(i):    -0.0000   -0.0000   -0.0000
LWL85:  dS =  0.0000 dN =  0.0000 w =   -nan S =  155.7 N =  564.3
LWL85m: dS =    -nan dN =    -nan w =   -nan S =   -nan N =   -nan (rho = -nan)
LPB93:  dS =  0.0000 dN =  0.0000 w =   -nan

15 (xm-v-209_01567) vs. 9 (xm-m-354_01640)

L(i):      481.0     125.0     114.0  sum=    720.0
Ns(i):    0.0000    0.0000    0.0000  sum=   0.0000
Nv(i):    0.0000    0.0000    0.0000  sum=   0.0000
A(i):     0.0000    0.0000    0.0000
B(i):    -0.0000   -0.0000   -0.0000
LWL85:  dS =  0.0000 dN =  0.0000 w =   -nan S =  155.7 N =  564.3
LWL85m: dS =    -nan dN =    -nan w =   -nan S =   -nan N =   -nan (rho = -nan)
LPB93:  dS =  0.0000 dN =  0.0000 w =   -nan

15 (xm-v-209_01567) vs. 10 (xm-m-378_00129)

L(i):      481.0     125.0     114.0  sum=    720.0
Ns(i):    0.0000    0.0000    0.0000  sum=   0.0000
Nv(i):    0.0000    0.0000    0.0000  sum=   0.0000
A(i):     0.0000    0.0000    0.0000
B(i):    -0.0000   -0.0000   -0.0000
LWL85:  dS =  0.0000 dN =  0.0000 w =   -nan S =  155.7 N =  564.3
LWL85m: dS =    -nan dN =    -nan w =   -nan S =   -nan N =   -nan (rho = -nan)
LPB93:  dS =  0.0000 dN =  0.0000 w =   -nan

15 (xm-v-209_01567) vs. 11 (xm-m-379_02664)

L(i):      481.0     125.0     114.0  sum=    720.0
Ns(i):    0.0000    0.0000    0.0000  sum=   0.0000
Nv(i):    0.0000    0.0000    0.0000  sum=   0.0000
A(i):     0.0000    0.0000    0.0000
B(i):    -0.0000   -0.0000   -0.0000
LWL85:  dS =  0.0000 dN =  0.0000 w =   -nan S =  155.7 N =  564.3
LWL85m: dS =    -nan dN =    -nan w =   -nan S =   -nan N =   -nan (rho = -nan)
LPB93:  dS =  0.0000 dN =  0.0000 w =   -nan

15 (xm-v-209_01567) vs. 12 (xm-v-201_01639)

L(i):      481.0     125.0     114.0  sum=    720.0
Ns(i):    0.0000    0.0000    0.0000  sum=   0.0000
Nv(i):    0.0000    0.0000    0.0000  sum=   0.0000
A(i):     0.0000    0.0000    0.0000
B(i):    -0.0000   -0.0000   -0.0000
LWL85:  dS =  0.0000 dN =  0.0000 w =   -nan S =  155.7 N =  564.3
LWL85m: dS =    -nan dN =    -nan w =   -nan S =   -nan N =   -nan (rho = -nan)
LPB93:  dS =  0.0000 dN =  0.0000 w =   -nan

15 (xm-v-209_01567) vs. 13 (xm-v-204_02665)

L(i):      481.0     125.0     114.0  sum=    720.0
Ns(i):    0.0000    0.0000    0.0000  sum=   0.0000
Nv(i):    0.0000    0.0000    0.0000  sum=   0.0000
A(i):     0.0000    0.0000    0.0000
B(i):    -0.0000   -0.0000   -0.0000
LWL85:  dS =  0.0000 dN =  0.0000 w =   -nan S =  155.7 N =  564.3
LWL85m: dS =    -nan dN =    -nan w =   -nan S =   -nan N =   -nan (rho = -nan)
LPB93:  dS =  0.0000 dN =  0.0000 w =   -nan

15 (xm-v-209_01567) vs. 14 (xm-v-208_01681)

L(i):      481.0     125.0     114.0  sum=    720.0
Ns(i):    0.0000    0.0000    0.0000  sum=   0.0000
Nv(i):    0.0000    0.0000    0.0000  sum=   0.0000
A(i):     0.0000    0.0000    0.0000
B(i):    -0.0000   -0.0000   -0.0000
LWL85:  dS =  0.0000 dN =  0.0000 w =   -nan S =  155.7 N =  564.3
LWL85m: dS =    -nan dN =    -nan w =   -nan S =   -nan N =   -nan (rho = -nan)
LPB93:  dS =  0.0000 dN =  0.0000 w =   -nan

16 (xm-v-225_00129) vs. 1 (xm-a-104_02664)

L(i):      481.0     125.0     114.0  sum=    720.0
Ns(i):    0.0000    0.0000    0.0000  sum=   0.0000
Nv(i):    0.0000    0.0000    0.0000  sum=   0.0000
A(i):     0.0000    0.0000    0.0000
B(i):    -0.0000   -0.0000   -0.0000
LWL85:  dS =  0.0000 dN =  0.0000 w =   -nan S =  155.7 N =  564.3
LWL85m: dS =    -nan dN =    -nan w =   -nan S =   -nan N =   -nan (rho = -nan)
LPB93:  dS =  0.0000 dN =  0.0000 w =   -nan

16 (xm-v-225_00129) vs. 2 (xm-a-134_00129)

L(i):      481.0     125.0     114.0  sum=    720.0
Ns(i):    0.0000    0.0000    0.0000  sum=   0.0000
Nv(i):    0.0000    0.0000    0.0000  sum=   0.0000
A(i):     0.0000    0.0000    0.0000
B(i):    -0.0000   -0.0000   -0.0000
LWL85:  dS =  0.0000 dN =  0.0000 w =   -nan S =  155.7 N =  564.3
LWL85m: dS =    -nan dN =    -nan w =   -nan S =   -nan N =   -nan (rho = -nan)
LPB93:  dS =  0.0000 dN =  0.0000 w =   -nan

16 (xm-v-225_00129) vs. 3 (xm-a-151_00608)

L(i):      481.0     125.0     114.0  sum=    720.0
Ns(i):    0.0000    0.0000    0.0000  sum=   0.0000
Nv(i):    0.0000    0.0000    0.0000  sum=   0.0000
A(i):     0.0000    0.0000    0.0000
B(i):    -0.0000   -0.0000   -0.0000
LWL85:  dS =  0.0000 dN =  0.0000 w =   -nan S =  155.7 N =  564.3
LWL85m: dS =    -nan dN =    -nan w =   -nan S =   -nan N =   -nan (rho = -nan)
LPB93:  dS =  0.0000 dN =  0.0000 w =   -nan

16 (xm-v-225_00129) vs. 4 (xm-d-517_02077)

L(i):      481.0     125.0     114.0  sum=    720.0
Ns(i):    0.0000    0.0000    0.0000  sum=   0.0000
Nv(i):    0.0000    0.0000    0.0000  sum=   0.0000
A(i):     0.0000    0.0000    0.0000
B(i):    -0.0000   -0.0000   -0.0000
LWL85:  dS =  0.0000 dN =  0.0000 w =   -nan S =  155.7 N =  564.3
LWL85m: dS =    -nan dN =    -nan w =   -nan S =   -nan N =   -nan (rho = -nan)
LPB93:  dS =  0.0000 dN =  0.0000 w =   -nan

16 (xm-v-225_00129) vs. 5 (xm-g-7_00622)

L(i):      481.0     125.0     114.0  sum=    720.0
Ns(i):    0.0000    0.0000    0.0000  sum=   0.0000
Nv(i):    0.0000    0.0000    0.0000  sum=   0.0000
A(i):     0.0000    0.0000    0.0000
B(i):    -0.0000   -0.0000   -0.0000
LWL85:  dS =  0.0000 dN =  0.0000 w =   -nan S =  155.7 N =  564.3
LWL85m: dS =    -nan dN =    -nan w =   -nan S =   -nan N =   -nan (rho = -nan)
LPB93:  dS =  0.0000 dN =  0.0000 w =   -nan

16 (xm-v-225_00129) vs. 6 (xm-m-309_01641)

L(i):      481.0     125.0     114.0  sum=    720.0
Ns(i):    0.0000    0.0000    0.0000  sum=   0.0000
Nv(i):    0.0000    0.0000    0.0000  sum=   0.0000
A(i):     0.0000    0.0000    0.0000
B(i):    -0.0000   -0.0000   -0.0000
LWL85:  dS =  0.0000 dN =  0.0000 w =   -nan S =  155.7 N =  564.3
LWL85m: dS =    -nan dN =    -nan w =   -nan S =   -nan N =   -nan (rho = -nan)
LPB93:  dS =  0.0000 dN =  0.0000 w =   -nan

16 (xm-v-225_00129) vs. 7 (xm-m-314_01567)

L(i):      481.0     125.0     114.0  sum=    720.0
Ns(i):    0.0000    0.0000    0.0000  sum=   0.0000
Nv(i):    0.0000    0.0000    0.0000  sum=   0.0000
A(i):     0.0000    0.0000    0.0000
B(i):    -0.0000   -0.0000   -0.0000
LWL85:  dS =  0.0000 dN =  0.0000 w =   -nan S =  155.7 N =  564.3
LWL85m: dS =    -nan dN =    -nan w =   -nan S =   -nan N =   -nan (rho = -nan)
LPB93:  dS =  0.0000 dN =  0.0000 w =   -nan

16 (xm-v-225_00129) vs. 8 (xm-m-339-2_00608)

L(i):      481.0     125.0     114.0  sum=    720.0
Ns(i):    0.0000    0.0000    0.0000  sum=   0.0000
Nv(i):    0.0000    0.0000    0.0000  sum=   0.0000
A(i):     0.0000    0.0000    0.0000
B(i):    -0.0000   -0.0000   -0.0000
LWL85:  dS =  0.0000 dN =  0.0000 w =   -nan S =  155.7 N =  564.3
LWL85m: dS =    -nan dN =    -nan w =   -nan S =   -nan N =   -nan (rho = -nan)
LPB93:  dS =  0.0000 dN =  0.0000 w =   -nan

16 (xm-v-225_00129) vs. 9 (xm-m-354_01640)

L(i):      481.0     125.0     114.0  sum=    720.0
Ns(i):    0.0000    0.0000    0.0000  sum=   0.0000
Nv(i):    0.0000    0.0000    0.0000  sum=   0.0000
A(i):     0.0000    0.0000    0.0000
B(i):    -0.0000   -0.0000   -0.0000
LWL85:  dS =  0.0000 dN =  0.0000 w =   -nan S =  155.7 N =  564.3
LWL85m: dS =    -nan dN =    -nan w =   -nan S =   -nan N =   -nan (rho = -nan)
LPB93:  dS =  0.0000 dN =  0.0000 w =   -nan

16 (xm-v-225_00129) vs. 10 (xm-m-378_00129)

L(i):      481.0     125.0     114.0  sum=    720.0
Ns(i):    0.0000    0.0000    0.0000  sum=   0.0000
Nv(i):    0.0000    0.0000    0.0000  sum=   0.0000
A(i):     0.0000    0.0000    0.0000
B(i):    -0.0000   -0.0000   -0.0000
LWL85:  dS =  0.0000 dN =  0.0000 w =   -nan S =  155.7 N =  564.3
LWL85m: dS =    -nan dN =    -nan w =   -nan S =   -nan N =   -nan (rho = -nan)
LPB93:  dS =  0.0000 dN =  0.0000 w =   -nan

16 (xm-v-225_00129) vs. 11 (xm-m-379_02664)

L(i):      481.0     125.0     114.0  sum=    720.0
Ns(i):    0.0000    0.0000    0.0000  sum=   0.0000
Nv(i):    0.0000    0.0000    0.0000  sum=   0.0000
A(i):     0.0000    0.0000    0.0000
B(i):    -0.0000   -0.0000   -0.0000
LWL85:  dS =  0.0000 dN =  0.0000 w =   -nan S =  155.7 N =  564.3
LWL85m: dS =    -nan dN =    -nan w =   -nan S =   -nan N =   -nan (rho = -nan)
LPB93:  dS =  0.0000 dN =  0.0000 w =   -nan

16 (xm-v-225_00129) vs. 12 (xm-v-201_01639)

L(i):      481.0     125.0     114.0  sum=    720.0
Ns(i):    0.0000    0.0000    0.0000  sum=   0.0000
Nv(i):    0.0000    0.0000    0.0000  sum=   0.0000
A(i):     0.0000    0.0000    0.0000
B(i):    -0.0000   -0.0000   -0.0000
LWL85:  dS =  0.0000 dN =  0.0000 w =   -nan S =  155.7 N =  564.3
LWL85m: dS =    -nan dN =    -nan w =   -nan S =   -nan N =   -nan (rho = -nan)
LPB93:  dS =  0.0000 dN =  0.0000 w =   -nan

16 (xm-v-225_00129) vs. 13 (xm-v-204_02665)

L(i):      481.0     125.0     114.0  sum=    720.0
Ns(i):    0.0000    0.0000    0.0000  sum=   0.0000
Nv(i):    0.0000    0.0000    0.0000  sum=   0.0000
A(i):     0.0000    0.0000    0.0000
B(i):    -0.0000   -0.0000   -0.0000
LWL85:  dS =  0.0000 dN =  0.0000 w =   -nan S =  155.7 N =  564.3
LWL85m: dS =    -nan dN =    -nan w =   -nan S =   -nan N =   -nan (rho = -nan)
LPB93:  dS =  0.0000 dN =  0.0000 w =   -nan

16 (xm-v-225_00129) vs. 14 (xm-v-208_01681)

L(i):      481.0     125.0     114.0  sum=    720.0
Ns(i):    0.0000    0.0000    0.0000  sum=   0.0000
Nv(i):    0.0000    0.0000    0.0000  sum=   0.0000
A(i):     0.0000    0.0000    0.0000
B(i):    -0.0000   -0.0000   -0.0000
LWL85:  dS =  0.0000 dN =  0.0000 w =   -nan S =  155.7 N =  564.3
LWL85m: dS =    -nan dN =    -nan w =   -nan S =   -nan N =   -nan (rho = -nan)
LPB93:  dS =  0.0000 dN =  0.0000 w =   -nan

16 (xm-v-225_00129) vs. 15 (xm-v-209_01567)

L(i):      481.0     125.0     114.0  sum=    720.0
Ns(i):    0.0000    0.0000    0.0000  sum=   0.0000
Nv(i):    0.0000    0.0000    0.0000  sum=   0.0000
A(i):     0.0000    0.0000    0.0000
B(i):    -0.0000   -0.0000   -0.0000
LWL85:  dS =  0.0000 dN =  0.0000 w =   -nan S =  155.7 N =  564.3
LWL85m: dS =    -nan dN =    -nan w =   -nan S =   -nan N =   -nan (rho = -nan)
LPB93:  dS =  0.0000 dN =  0.0000 w =   -nan

